"F:/Vitrobot_Oculus_SOP/Vitrobot_Oculus_SOP/Content/UI/lambert1.uasset" 0
"F:/Vitrobot_Oculus_SOP/Vitrobot_Oculus_SOP/Content/UI/grid_box.uasset" 1
"F:/Vitrobot_Oculus_SOP/Vitrobot_Oculus_SOP/Content/UI/Tutorial_Enum.uasset" 2
"F:/Vitrobot_Oculus_SOP/Vitrobot_Oculus_SOP/Content/UI/TutorialUI/CP3_UI_RArrowMat_Inst.uasset" 3
"F:/Vitrobot_Oculus_SOP/Vitrobot_Oculus_SOP/Content/UI/TutorialUI/StartButton.uasset" 4
"F:/Vitrobot_Oculus_SOP/Vitrobot_Oculus_SOP/Content/UI/TutorialUI/TextRender_BP.uasset" 5
"F:/Vitrobot_Oculus_SOP/Vitrobot_Oculus_SOP/Content/UI/TutorialUI/UIDemoMat.uasset" 6
"F:/Vitrobot_Oculus_SOP/Vitrobot_Oculus_SOP/Content/UI/TutorialUI/UI_Arrow_BP.uasset" 7
"F:/Vitrobot_Oculus_SOP/Vitrobot_Oculus_SOP/Content/UI/TutorialUI/ViveController.uasset" 8
"../../../Engine/Content/Animation/DefaultAnimBoneCompressionSettings.uasset" 9
"../../../Engine/Content/Animation/DefaultAnimCurveCompressionSettings.uasset" 10
"../../../Engine/Content/Functions/Engine_MaterialFunctions01/Opacity/CameraDepthFade.uasset" 11
"../../../Engine/Content/EngineMaterials/T_Default_Material_Grid_N.uasset" 12
"../../../Engine/Content/EngineMaterials/T_Default_Material_Grid_M.uasset" 13
"../../../Engine/Content/EngineMaterials/WorldGridMaterial.uasset" 14
"../../../Engine/Content/ArtTools/RenderToTexture/Meshes/S_1_Unit_Plane.uasset" 15
"../../../Engine/Content/EngineMaterials/DefaultMaterial.uasset" 16
"../../../Engine/Content/BasicShapes/Cone.uasset" 17
"../../../Engine/Content/EditorLandscapeResources/DataLayer.uasset" 18
"../../../Engine/Content/EditorLandscapeResources/DefaultAlphaTexture.uasset" 19
"../../../Engine/Content/EditorMaterials/MAT_Groups_Toggle.uasset" 20
"../../../Engine/Content/EditorMaterials/MAT_Groups_Visibility.uasset" 21
"../../../Engine/Content/EditorMaterials/PreviewShadowIndicator.uasset" 22
"../../../Engine/Content/EditorMaterials/PreviewShadowIndicatorMaterial.uasset" 23
"../../../Engine/Content/EditorMaterials/MatineeGroups/MAT_ColorTrack.uasset" 24
"../../../Engine/Content/EditorMaterials/MatineeGroups/MAT_Groups_Anim.uasset" 25
"../../../Engine/Content/EditorMaterials/MatineeGroups/MAT_Groups_AudioMaster.uasset" 26
"../../../Engine/Content/EditorMaterials/MatineeGroups/MAT_Groups_Director.uasset" 27
"../../../Engine/Content/EditorMaterials/MatineeGroups/MAT_Groups_Event.uasset" 28
"../../../Engine/Content/EditorMaterials/MatineeGroups/MAT_Groups_Fade.uasset" 29
"../../../Engine/Content/EditorMaterials/MatineeGroups/MAT_Groups_Float.uasset" 30
"../../../Engine/Content/EditorMaterials/MatineeGroups/MAT_Groups_Move.uasset" 31
"../../../Engine/Content/EditorMaterials/MatineeGroups/MAT_Groups_Slomo.uasset" 32
"../../../Engine/Content/EditorMaterials/MatineeGroups/MAT_Groups_Sound.uasset" 33
"../../../Engine/Content/EditorMaterials/MatineeGroups/MAT_Groups_Vector.uasset" 34
"../../../Engine/Content/EditorMaterials/ParticleSystems/PSysThumbnail_NoImage.uasset" 35
"../../../Engine/Content/EditorMaterials/ParticleSystems/PSysThumbnail_OOD.uasset" 36
"../../../Engine/Content/EditorMaterials/Camera/CineMat.uasset" 37
"../../../Engine/Content/EditorMaterials/Camera/MI_CineMat_Rig.uasset" 38
"../../../Engine/Content/EditorMeshes/Camera/SM_CraneRig_Arm.uasset" 39
"../../../Engine/Content/EditorMeshes/Camera/SM_CraneRig_Base.uasset" 40
"../../../Engine/Content/EditorMeshes/Camera/SM_CraneRig_Body.uasset" 41
"../../../Engine/Content/EditorMeshes/Camera/SM_CraneRig_Mount.uasset" 42
"../../../Engine/Content/EditorMeshes/Camera/SM_RailRig_Mount.uasset" 43
"../../../Engine/Content/EditorMeshes/Camera/SM_RailRig_Track.uasset" 44
"../../../Engine/Content/EditorResources/BSPVertex.uasset" 45
"../../../Engine/Content/EditorResources/EmptyActor.uasset" 46
"../../../Engine/Content/EditorResources/S_Actor.uasset" 47
"../../../Engine/Content/EditorResources/S_Note.uasset" 48
"../../../Engine/Content/EditorResources/S_Solver.uasset" 49
"../../../Engine/Content/EditorResources/S_Terrain.uasset" 50
"../../../Engine/Content/EditorResources/S_Trigger.uasset" 51
"../../../Engine/Content/EditorResources/SequenceRecorder/Countdown.uasset" 52
"../../../Engine/Content/EditorResources/SequenceRecorder/RecordingIndicator.uasset" 53
"../../../Engine/Content/EngineDamageTypes/DmgTypeBP_Environmental.uasset" 54
"../../../Engine/Content/EngineDebugMaterials/DebugEditorMaterial.uasset" 55
"../../../Engine/Content/EngineDebugMaterials/DebugMeshMaterial.uasset" 56
"../../../Engine/Content/EngineDebugMaterials/M_SimpleUnlitTranslucent.uasset" 57
"../../../Engine/Content/Functions/Engine_MaterialFunctions02/Utility/CameraDirectionVector.uasset" 58
"../../../Engine/Content/EngineDebugMaterials/VolumeToRender.uasset" 59
"../../../Engine/Content/EngineDebugMaterials/M_VolumeRenderSphereTracePP.uasset" 60
"../../../Engine/Content/Functions/Engine_MaterialFunctions01/Shading/ConvertFromDiffSpec.uasset" 61
"../../../Engine/Content/EngineDebugMaterials/VertexColorMaterial.uasset" 62
"../../../Engine/Content/EngineDebugMaterials/WireframeMaterial.uasset" 63
"../../../Engine/Content/EngineFonts/Faces/RobotoRegular.uasset" 64
"../../../Engine/Content/EngineFonts/Faces/RobotoLight.uasset" 65
"../../../Engine/Content/EngineFonts/Faces/RobotoItalic.uasset" 66
"../../../Engine/Content/EngineFonts/Faces/RobotoBoldItalic.uasset" 67
"../../../Engine/Content/EngineFonts/Faces/RobotoBold.uasset" 68
"../../../Engine/Content/EngineFonts/Faces/DroidSansFallback.uasset" 69
"../../../Engine/Content/EngineFonts/Roboto.uasset" 70
"../../../Engine/Content/EngineMaterials/BaseFlattenNormalMap.uasset" 71
"../../../Engine/Content/EngineMaterials/BaseFlattenGrayscaleMap.uasset" 72
"../../../Engine/Content/EngineMaterials/BaseFlattenEmissiveMap.uasset" 73
"../../../Engine/Content/EngineMaterials/BaseFlattenDiffuseMap.uasset" 74
"../../../Engine/Content/EngineMaterials/BaseFlattenMaterial.uasset" 75
"../../../Engine/Content/EngineMaterials/BlueNoise.uasset" 76
"../../../Engine/Content/EngineMaterials/DefaultBloomKernel.uasset" 77
"../../../Engine/Content/EngineMaterials/DefaultBokeh.uasset" 78
"../../../Engine/Content/EngineMaterials/DefaultDiffuse.uasset" 79
"../../../Engine/Content/EngineMaterials/DefaultDeferredDecalMaterial.uasset" 80
"../../../Engine/Content/EngineMaterials/DefaultLightFunctionMaterial.uasset" 81
"../../../Engine/Content/EngineMaterials/DefaultPhysicalMaterial.uasset" 82
"../../../Engine/Content/Functions/Engine_MaterialFunctions02/Utility/BreakOutFloat2Components.uasset" 83
"../../../Engine/Content/EngineMaterials/DefaultPostProcessMaterial.uasset" 84
"../../../Engine/Content/EngineFonts/RobotoDistanceField.uasset" 85
"../../../Engine/Content/EngineMaterials/DefaultTextMaterialOpaque.uasset" 86
"../../../Engine/Content/EngineMaterials/DefaultWhiteGrid.uasset" 87
"../../../Engine/Content/EngineMaterials/DefaultWhiteGrid_Low.uasset" 88
"../../../Engine/Content/EngineMaterials/EmissiveMeshMaterial.uasset" 89
"../../../Engine/Content/EngineMaterials/GizmoMaterial.uasset" 90
"../../../Engine/Content/EngineMaterials/MiniFont.uasset" 91
"../../../Engine/Content/EngineMaterials/InvalidLightmapSettings.uasset" 92
"../../../Engine/Content/EngineMaterials/M_InvalidLightmapSettings.uasset" 93
"../../../Engine/Content/Functions/Engine_MaterialFunctions02/WorldPositionOffset/CameraOffset.uasset" 94
"../../../Engine/Content/EngineMaterials/PhAT_JointLimitMaterial.uasset" 95
"../../../Engine/Content/EngineMaterials/PreintegratedSkinBRDF.uasset" 96
"../../../Engine/Content/EngineMaterials/RemoveSurfaceMaterial.uasset" 97
"../../../Engine/Content/EngineMaterials/WeightMapPlaceholderTexture.uasset" 98
"../../../Engine/Content/EngineResources/WhiteSquareTexture.uasset" 99
"../../../Engine/Content/EngineMaterials/Widget3DPassThrough.uasset" 100
"../../../Engine/Content/EngineMaterials/Widget3DPassThrough_Masked.uasset" 101
"../../../Engine/Content/EngineMaterials/Widget3DPassThrough_Opaque.uasset" 102
"../../../Engine/Content/EngineMaterials/Widget3DPassThrough_Masked_OneSided.uasset" 103
"../../../Engine/Content/EngineMaterials/Widget3DPassThrough_Opaque_OneSided.uasset" 104
"../../../Engine/Content/EngineMaterials/Widget3DPassThrough_Translucent.uasset" 105
"../../../Engine/Content/EngineMaterials/Widget3DPassThrough_Translucent_OneSided.uasset" 106
"../../../Engine/Content/EngineMeshes/Cylinder.uasset" 107
"../../../Engine/Content/EngineMeshes/Sphere.uasset" 108
"../../../Engine/Content/EngineResources/Black.uasset" 109
"../../../Engine/Content/EngineResources/DefaultTextureCube.uasset" 110
"../../../Engine/Content/EngineResources/DefaultVolumeTexture2D.uasset" 111
"../../../Engine/Content/EngineResources/DefaultVolumeTexture.uasset" 112
"../../../Engine/Content/EngineResources/GradientTexture0.uasset" 113
"../../../Engine/Content/EngineSky/VolumetricClouds/T_NoiseShape64.uasset" 114
"../../../Engine/Content/EngineSky/VolumetricClouds/T_VolumeNoiseShape64.uasset" 115
"../../../Engine/Content/EngineSky/VolumetricClouds/T_NoiseErosion.uasset" 116
"../../../Engine/Content/EngineSky/VolumetricClouds/T_VolumeNoiseErosion32.uasset" 117
"../../../Engine/Content/EngineSky/VolumetricClouds/CloudWeatherTexture.uasset" 118
"../../../Engine/Content/EngineSky/VolumetricClouds/CloudGradientTexture.uasset" 119
"../../../Engine/Content/Functions/Engine_MaterialFunctions02/Utility/MakeFloat2.uasset" 120
"../../../Engine/Content/EngineSky/VolumetricClouds/m_SimpleVolumetricCloud.uasset" 121
"../../../Engine/Content/EngineSky/VolumetricClouds/m_SimpleVolumetricCloud_Inst.uasset" 122
"../../../Engine/Content/EngineSounds/Master.uasset" 123
"../../../Engine/Content/Functions/Engine_MaterialFunctions01/Shading/PowerToRoughness.uasset" 124
"../../../Engine/Content/Maps/Templates/Thumbnails/Default.uasset" 125
"../../../Engine/Content/Maps/Templates/Thumbnails/TimeOfDay.uasset" 126
"../../../Engine/Content/Maps/Templates/Thumbnails/VR-Basic.uasset" 127
"../../../Engine/Content/MobileResources/T_MobileControls_texture.uasset" 128
"../../../Engine/Content/MobileResources/T_MobileMenu2.uasset" 129
"../../../Engine/Content/MobileResources/HUD/AnalogHat.uasset" 130
"../../../Engine/Content/MobileResources/HUD/VirtualJoystick_Thumb.uasset" 131
"../../../Engine/Content/MobileResources/HUD/VirtualJoystick_Background.uasset" 132
"../../../Engine/Content/MobileResources/HUD/DefaultVirtualJoysticks.uasset" 133
"../../../Engine/Content/MobileResources/HUD/LeftVirtualJoystickOnly.uasset" 134
"../../../Engine/Content/MobileResources/HUD/MobileHUDButton1_off.uasset" 135
"../../../Engine/Content/MobileResources/HUD/MobileHUDButton1_on.uasset" 136
"../../../Engine/Content/MobileResources/HUD/MobileHUDButton2_off.uasset" 137
"../../../Engine/Content/MobileResources/HUD/MobileHUDButton2_on.uasset" 138
"../../../Engine/Content/MobileResources/HUD/MobileHUDButton3.uasset" 139
"../../../Engine/Content/MobileResources/HUD/MobileHUDButtonFire.uasset" 140
"../../../Engine/Content/MobileResources/HUD/MobileHUDDirectionPad.uasset" 141
"../../../Engine/Content/MobileResources/HUD/MobileHUDDirectionPad2.uasset" 142
"../../../Engine/Content/MobileResources/HUD/MobileHUDDirectionPad3.uasset" 143
"../../../Engine/Content/MobileResources/HUD/MobileHUDDirectionStick.uasset" 144
"../../../Engine/Content/MobileResources/HUD/T_Castle_ThumbstickInner.uasset" 145
"../../../Engine/Content/MobileResources/HUD/T_Castle_ThumbstickOutter.uasset" 146
"../../../Engine/Content/Tutorial/ContentIntroCurve.uasset" 147
"../../../Engine/Content/Tutorial/Basics/LevelEditorAttract.uasset" 148
"../../../Engine/Content/VREditor/TransformGizmo/TranslucentTransformGizmoMaterial.uasset" 149
"../../../Engine/Content/VREditor/LaserPointer/VR_LaserPower_01.uasset" 150
"../../../Engine/Content/VREditor/TransformGizmo/TransformGizmoMaterial.uasset" 151
"../../../Engine/Content/VREditor/TransformGizmo/BoundingBoxCorner.uasset" 152
"../../../Engine/Content/VREditor/TransformGizmo/BoundingBoxEdge.uasset" 153
"../../../Engine/Content/VREditor/TransformGizmo/PlaneTranslationHandle.uasset" 154
"../../../Engine/Content/VREditor/TransformGizmo/Xray.uasset" 155
"../../../Engine/Content/VREditor/TransformGizmo/Main.uasset" 156
"../../../Engine/Content/VREditor/TransformGizmo/SM_Sequencer_Key.uasset" 157
"../../../Engine/Content/VREditor/TransformGizmo/SM_Sequencer_Node.uasset" 158
"../../Plugins/2D/Paper2D/Content/PlaceholderTextures/DummySpriteTexture.uasset" 159
"../../Plugins/2D/Paper2D/Content/DummySprite.uasset" 160
"../../Plugins/2D/Paper2D/Content/DefaultPaperTerrainMaterial.uasset" 161
"../../Plugins/2D/Paper2D/Content/DefaultSpriteMaterial.uasset" 162
"../../Plugins/2D/Paper2D/Content/MaskedUnlitSpriteMaterial.uasset" 163
"../../Plugins/2D/Paper2D/Content/OpaqueUnlitSpriteMaterial.uasset" 164
"../../../Engine/Content/Functions/Engine_MaterialFunctions02/Utility/BreakOutFloat3Components.uasset" 165
"../../Plugins/Editor/SpeedTreeImporter/Content/SpeedTree9/UnpackInteger3.uasset" 166
"../../Plugins/Editor/SpeedTreeImporter/Content/SpeedTree9/UnpackDirection.uasset" 167
"../../Plugins/Editor/SpeedTreeImporter/Content/SpeedTree9/game_wind_noise.uasset" 168
"../../../Engine/Content/Functions/Engine_MaterialFunctions02/SafeNormalize.uasset" 169
"../../Plugins/Editor/SpeedTreeImporter/Content/SpeedTree9/SpeedTreeWindMotion.uasset" 170
"../../Plugins/Editor/SpeedTreeImporter/Content/SpeedTree9/SpeedTreeBranchMotion.uasset" 171
"../../../Engine/Content/Functions/Engine_MaterialFunctions02/ObjectLocalBounds.uasset" 172
"../../../Engine/Content/Functions/Engine_MaterialFunctions02/UVs/BoundingBoxBased_0-1_UVW.uasset" 173
"../../Plugins/Editor/SpeedTreeImporter/Content/SpeedTree9/SpeedTreeWind.uasset" 174
"../../Plugins/Editor/SpeedTreeImporter/Content/SpeedTree9/SpeedTreeBillboard.uasset" 175
"../../../Engine/Content/EngineResources/DefaultTexture.uasset" 176
"../../Plugins/Editor/SpeedTreeImporter/Content/SpeedTree9/SpeedTreeBillboardMaster.uasset" 177
"../../Plugins/Editor/SpeedTreeImporter/Content/SpeedTree9/SpeedTreeCameraFacing.uasset" 178
"../../Plugins/Editor/SpeedTreeImporter/Content/SpeedTree9/SpeedTreeMaster.uasset" 179
"../../../Engine/Content/BasicShapes/Cylinder.uasset" 180
"../../../Engine/Content/ArtTools/RenderToTexture/Materials/Debug/M_Emissive_Color.uasset" 181
"../../Plugins/Lumin/MagicLeapPassableWorld/Content/MagicLeapARPinInfoActor.uasset" 182
"../../../Engine/Content/Functions/Engine_MaterialFunctions02/Utility/BreakOutFloat4Components.uasset" 183
"../../../Engine/Content/Functions/Engine_MaterialFunctions02/Utility/MakeFloat3.uasset" 184
"../../Plugins/Runtime/Oculus/OculusVR/Content/Materials/OculusMR_ChromaKey.uasset" 185
"../../Plugins/Runtime/Oculus/OculusVR/Content/Materials/OculusMR_OpaqueColoredMaterial.uasset" 186
"../../Plugins/Runtime/Oculus/OculusVR/Content/Materials/PokeAHoleMaterial.uasset" 187
"F:/Vitrobot_Oculus_SOP/Vitrobot_Oculus_SOP/Content/VirtualReality/Materials/M_BaseMaterial.uasset" 188
"F:/Vitrobot_Oculus_SOP/Vitrobot_Oculus_SOP/Content/VirtualReality/Materials/MI_SmallCubes.uasset" 189
"F:/Vitrobot_Oculus_SOP/Vitrobot_Oculus_SOP/Content/Models/Textures/CloudTex.uasset" 190
"F:/Vitrobot_Oculus_SOP/Vitrobot_Oculus_SOP/Content/Models/Textures/WaterDropTex.uasset" 191
"F:/Vitrobot_Oculus_SOP/Vitrobot_Oculus_SOP/Content/Test_Geometry/01M_Glass1.uasset" 192
"../../../Engine/Content/EditorBlueprintResources/StandardMacros.uasset" 193
"F:/Vitrobot_Oculus_SOP/Vitrobot_Oculus_SOP/Content/VirtualReality/Mannequin/Character/Textures/T_StylizedManHand_TX.uasset" 194
"F:/Vitrobot_Oculus_SOP/Vitrobot_Oculus_SOP/Content/VR_Hands/Textures/SSS/T_Hand_SSS.uasset" 195
"F:/Vitrobot_Oculus_SOP/Vitrobot_Oculus_SOP/Content/VirtualReality/Mannequin/Character/Textures/T_StylizedManHand_ORM.uasset" 196
"F:/Vitrobot_Oculus_SOP/Vitrobot_Oculus_SOP/Content/VirtualReality/Mannequin/Character/Textures/T_StylizedManHand_BC.uasset" 197
"F:/Vitrobot_Oculus_SOP/Vitrobot_Oculus_SOP/Content/VR_Hands/Textures/T_Example_N.uasset" 198
"F:/Vitrobot_Oculus_SOP/Vitrobot_Oculus_SOP/Content/VR_Hands/Textures/T_Example_BC.uasset" 199
"F:/Vitrobot_Oculus_SOP/Vitrobot_Oculus_SOP/Content/VR_Hands/Materials/Shaders/M_Master.uasset" 200
"F:/Vitrobot_Oculus_SOP/Vitrobot_Oculus_SOP/Content/VirtualReality/Mannequin/Character/Materials/MI_StylizedManHand.uasset" 201
"F:/Vitrobot_Oculus_SOP/Vitrobot_Oculus_SOP/Content/VirtualReality/Mannequin/Character/Materials/MI_StylizedManHand_Inst.uasset" 202
"F:/Vitrobot_Oculus_SOP/Vitrobot_Oculus_SOP/Content/Materials/MM_Ghost_Breath.uasset" 203
"F:/Vitrobot_Oculus_SOP/Vitrobot_Oculus_SOP/Content/Materials/MI_Ghost_Breath.uasset" 204
"../../../Engine/Content/Functions/Engine_MaterialFunctions02/SplitComponents.uasset" 205
"F:/Vitrobot_Oculus_SOP/Vitrobot_Oculus_SOP/Content/Materials/MF_ExtractDepth.uasset" 206
"F:/Vitrobot_Oculus_SOP/Vitrobot_Oculus_SOP/Content/Materials/MF_SampleSceneTextureNeighbourUVs.uasset" 207
"../../../Engine/Content/Functions/Engine_MaterialFunctions02/Utility/VectorLength.uasset" 208
"F:/Vitrobot_Oculus_SOP/Vitrobot_Oculus_SOP/Content/Materials/MF_ConvolveTexture.uasset" 209
"F:/Vitrobot_Oculus_SOP/Vitrobot_Oculus_SOP/Content/Materials/PP_Outliner_M.uasset" 210
"F:/Vitrobot_Oculus_SOP/Vitrobot_Oculus_SOP/Content/Materials/PP_Outliner_Inst.uasset" 211
"F:/Vitrobot_Oculus_SOP/Vitrobot_Oculus_SOP/Content/Models/Textures/GeneralBlack_tex.uasset" 212
"F:/Vitrobot_Oculus_SOP/Vitrobot_Oculus_SOP/Content/Models/01GeneralBlackMat.uasset" 213
"F:/Vitrobot_Oculus_SOP/Vitrobot_Oculus_SOP/Content/Models/Textures/T_MacroVariation.uasset" 214
"F:/Vitrobot_Oculus_SOP/Vitrobot_Oculus_SOP/Content/Models/EthaneTank_YellowMetalMat.uasset" 215
"F:/Vitrobot_Oculus_SOP/Vitrobot_Oculus_SOP/Content/Models/lambert26.uasset" 216
"F:/Vitrobot_Oculus_SOP/Vitrobot_Oculus_SOP/Content/Models/SampleRack.uasset" 217
"F:/Vitrobot_Oculus_SOP/Vitrobot_Oculus_SOP/Content/Models/defaultMat.uasset" 218
"F:/Vitrobot_Oculus_SOP/Vitrobot_Oculus_SOP/Content/Models/NewRoomMesh.uasset" 219
"F:/Vitrobot_Oculus_SOP/Vitrobot_Oculus_SOP/Content/Models/RoomCeilingMat.uasset" 220
"F:/Vitrobot_Oculus_SOP/Vitrobot_Oculus_SOP/Content/Models/IlluMat.uasset" 221
"F:/Vitrobot_Oculus_SOP/Vitrobot_Oculus_SOP/Content/Models/IlluMat_Inst.uasset" 222
"F:/Vitrobot_Oculus_SOP/Vitrobot_Oculus_SOP/Content/Models/IlluMat_Inst1.uasset" 223
"F:/Vitrobot_Oculus_SOP/Vitrobot_Oculus_SOP/Content/Models/RoomWallMat.uasset" 224
"F:/Vitrobot_Oculus_SOP/Vitrobot_Oculus_SOP/Content/Models/RoomMesh.uasset" 225
"F:/Vitrobot_Oculus_SOP/Vitrobot_Oculus_SOP/Content/Models/lambert1.uasset" 226
"F:/Vitrobot_Oculus_SOP/Vitrobot_Oculus_SOP/Content/Models/simple_table.uasset" 227
"F:/Vitrobot_Oculus_SOP/Vitrobot_Oculus_SOP/Content/Models/Textures/simple_table_simple_table_Normal.uasset" 228
"F:/Vitrobot_Oculus_SOP/Vitrobot_Oculus_SOP/Content/Models/Textures/simple_table_simple_table_OcclusionRoughnessMetallic.uasset" 229
"F:/Vitrobot_Oculus_SOP/Vitrobot_Oculus_SOP/Content/Models/Textures/simple_table_simple_table_BaseColor.uasset" 230
"F:/Vitrobot_Oculus_SOP/Vitrobot_Oculus_SOP/Content/Models/Simple_Table_M.uasset" 231
"F:/Vitrobot_Oculus_SOP/Vitrobot_Oculus_SOP/Content/Models/glass1.uasset" 232
"F:/Vitrobot_Oculus_SOP/Vitrobot_Oculus_SOP/Content/Models/hood1.uasset" 233
"F:/Vitrobot_Oculus_SOP/Vitrobot_Oculus_SOP/Content/Models/small_hood.uasset" 234
"F:/Vitrobot_Oculus_SOP/Vitrobot_Oculus_SOP/Content/Models/Textures/small_hood_hood1_BaseColor.uasset" 235
"F:/Vitrobot_Oculus_SOP/Vitrobot_Oculus_SOP/Content/Models/Textures/small_hood_hood1_Normal.uasset" 236
"F:/Vitrobot_Oculus_SOP/Vitrobot_Oculus_SOP/Content/Models/Textures/small_hood_hood1_OcclusionRoughnessMetallic.uasset" 237
"F:/Vitrobot_Oculus_SOP/Vitrobot_Oculus_SOP/Content/Models/Small_Hood_M.uasset" 238
"F:/Vitrobot_Oculus_SOP/Vitrobot_Oculus_SOP/Content/Models/Textures/TweezerSpongeTex.uasset" 239
"F:/Vitrobot_Oculus_SOP/Vitrobot_Oculus_SOP/Content/Models/SpongeTweezerMat.uasset" 240
"F:/Vitrobot_Oculus_SOP/Vitrobot_Oculus_SOP/Content/Models/Textures/WorkstationOpacityTex.uasset" 241
"F:/Vitrobot_Oculus_SOP/Vitrobot_Oculus_SOP/Content/Models/01M_Metal_Chrome.uasset" 242
"F:/Vitrobot_Oculus_SOP/Vitrobot_Oculus_SOP/Content/Models/Tweezer_gridMat_inst.uasset" 243
"F:/Vitrobot_Oculus_SOP/Vitrobot_Oculus_SOP/Content/Models/Tweezer.uasset" 244
"F:/Vitrobot_Oculus_SOP/Vitrobot_Oculus_SOP/Content/Movies/P4_GJ.uasset" 245
"F:/Vitrobot_Oculus_SOP/Vitrobot_Oculus_SOP/Content/VirtualRealityCPP/Maps/Vitrobot_Oculus_Mainlevel_Test_BuiltData.uasset" 246
"F:/Vitrobot_Oculus_SOP/Vitrobot_Oculus_SOP/Content/Test_Geometry/Test_Textures/Sounds/FinishTask.uasset" 247
"F:/Vitrobot_Oculus_SOP/Vitrobot_Oculus_SOP/Content/Test_Geometry/Test_Textures/Sounds/v49.uasset" 248
"F:/Vitrobot_Oculus_SOP/Vitrobot_Oculus_SOP/Content/Test_Geometry/Test_Textures/Sounds/v48.uasset" 249
"F:/Vitrobot_Oculus_SOP/Vitrobot_Oculus_SOP/Content/Test_Geometry/Test_Textures/Sounds/v47.uasset" 250
"F:/Vitrobot_Oculus_SOP/Vitrobot_Oculus_SOP/Content/Test_Geometry/Test_Textures/Sounds/V46New.uasset" 251
"F:/Vitrobot_Oculus_SOP/Vitrobot_Oculus_SOP/Content/Test_Geometry/Test_Textures/Sounds/v45.uasset" 252
"F:/Vitrobot_Oculus_SOP/Vitrobot_Oculus_SOP/Content/Test_Geometry/Test_Textures/Sounds/v442.uasset" 253
"F:/Vitrobot_Oculus_SOP/Vitrobot_Oculus_SOP/Content/Test_Geometry/Test_Textures/Sounds/v43.uasset" 254
"F:/Vitrobot_Oculus_SOP/Vitrobot_Oculus_SOP/Content/Test_Geometry/Test_Textures/Sounds/v42.uasset" 255
"F:/Vitrobot_Oculus_SOP/Vitrobot_Oculus_SOP/Content/Test_Geometry/Test_Textures/Sounds/v41.uasset" 256
"F:/Vitrobot_Oculus_SOP/Vitrobot_Oculus_SOP/Content/Test_Geometry/Test_Textures/Sounds/V40.uasset" 257
"F:/Vitrobot_Oculus_SOP/Vitrobot_Oculus_SOP/Content/Test_Geometry/Test_Textures/Sounds/v4.uasset" 258
"F:/Vitrobot_Oculus_SOP/Vitrobot_Oculus_SOP/Content/Test_Geometry/Test_Textures/Sounds/v38.uasset" 259
"F:/Vitrobot_Oculus_SOP/Vitrobot_Oculus_SOP/Content/Test_Geometry/Test_Textures/Sounds/v37.uasset" 260
"F:/Vitrobot_Oculus_SOP/Vitrobot_Oculus_SOP/Content/Test_Geometry/Test_Textures/Sounds/v34.uasset" 261
"F:/Vitrobot_Oculus_SOP/Vitrobot_Oculus_SOP/Content/Test_Geometry/Test_Textures/Sounds/v33.uasset" 262
"F:/Vitrobot_Oculus_SOP/Vitrobot_Oculus_SOP/Content/Test_Geometry/Test_Textures/Sounds/v32.uasset" 263
"F:/Vitrobot_Oculus_SOP/Vitrobot_Oculus_SOP/Content/Test_Geometry/Test_Textures/Sounds/v31.uasset" 264
"F:/Vitrobot_Oculus_SOP/Vitrobot_Oculus_SOP/Content/Test_Geometry/Test_Textures/Sounds/v30.uasset" 265
"F:/Vitrobot_Oculus_SOP/Vitrobot_Oculus_SOP/Content/Test_Geometry/Test_Textures/Sounds/v3.uasset" 266
"F:/Vitrobot_Oculus_SOP/Vitrobot_Oculus_SOP/Content/Test_Geometry/Test_Textures/Sounds/v29.uasset" 267
"F:/Vitrobot_Oculus_SOP/Vitrobot_Oculus_SOP/Content/Test_Geometry/Test_Textures/Sounds/v28.uasset" 268
"F:/Vitrobot_Oculus_SOP/Vitrobot_Oculus_SOP/Content/Test_Geometry/Test_Textures/Sounds/v27_5.uasset" 269
"F:/Vitrobot_Oculus_SOP/Vitrobot_Oculus_SOP/Content/Test_Geometry/Test_Textures/Sounds/v27.uasset" 270
"F:/Vitrobot_Oculus_SOP/Vitrobot_Oculus_SOP/Content/Test_Geometry/Test_Textures/Sounds/v26.uasset" 271
"F:/Vitrobot_Oculus_SOP/Vitrobot_Oculus_SOP/Content/Test_Geometry/Test_Textures/Sounds/v23.uasset" 272
"F:/Vitrobot_Oculus_SOP/Vitrobot_Oculus_SOP/Content/Test_Geometry/Test_Textures/Sounds/v22.uasset" 273
"F:/Vitrobot_Oculus_SOP/Vitrobot_Oculus_SOP/Content/Test_Geometry/Test_Textures/Sounds/v21.uasset" 274
"F:/Vitrobot_Oculus_SOP/Vitrobot_Oculus_SOP/Content/Test_Geometry/Test_Textures/Sounds/v20.uasset" 275
"F:/Vitrobot_Oculus_SOP/Vitrobot_Oculus_SOP/Content/Test_Geometry/Test_Textures/Sounds/v2.uasset" 276
"F:/Vitrobot_Oculus_SOP/Vitrobot_Oculus_SOP/Content/Test_Geometry/Test_Textures/Sounds/v19.uasset" 277
"F:/Vitrobot_Oculus_SOP/Vitrobot_Oculus_SOP/Content/Test_Geometry/Test_Textures/Sounds/v18.uasset" 278
"F:/Vitrobot_Oculus_SOP/Vitrobot_Oculus_SOP/Content/Test_Geometry/Test_Textures/Sounds/v16.uasset" 279
"F:/Vitrobot_Oculus_SOP/Vitrobot_Oculus_SOP/Content/Test_Geometry/Test_Textures/Sounds/v15.uasset" 280
"F:/Vitrobot_Oculus_SOP/Vitrobot_Oculus_SOP/Content/Test_Geometry/Test_Textures/Sounds/v14.uasset" 281
"F:/Vitrobot_Oculus_SOP/Vitrobot_Oculus_SOP/Content/Test_Geometry/Test_Textures/Sounds/v13.uasset" 282
"F:/Vitrobot_Oculus_SOP/Vitrobot_Oculus_SOP/Content/Test_Geometry/Test_Textures/Sounds/v12.uasset" 283
"F:/Vitrobot_Oculus_SOP/Vitrobot_Oculus_SOP/Content/Test_Geometry/Test_Textures/Sounds/v11.uasset" 284
"F:/Vitrobot_Oculus_SOP/Vitrobot_Oculus_SOP/Content/Test_Geometry/Test_Textures/Sounds/v10.uasset" 285
"F:/Vitrobot_Oculus_SOP/Vitrobot_Oculus_SOP/Content/Test_Geometry/Test_Textures/Sounds/new_v24.uasset" 286
"F:/Vitrobot_Oculus_SOP/Vitrobot_Oculus_SOP/Content/Test_Geometry/Test_Textures/Sounds/new_v17.uasset" 287
"F:/Vitrobot_Oculus_SOP/Vitrobot_Oculus_SOP/Content/Test_Geometry/Test_Textures/Sounds/v9.uasset" 288
"F:/Vitrobot_Oculus_SOP/Vitrobot_Oculus_SOP/Content/Test_Geometry/Test_Textures/Sounds/v8.uasset" 289
"F:/Vitrobot_Oculus_SOP/Vitrobot_Oculus_SOP/Content/Test_Geometry/Test_Textures/Sounds/v7.uasset" 290
"F:/Vitrobot_Oculus_SOP/Vitrobot_Oculus_SOP/Content/Test_Geometry/Test_Textures/Sounds/v6.uasset" 291
"F:/Vitrobot_Oculus_SOP/Vitrobot_Oculus_SOP/Content/Test_Geometry/Test_Textures/Sounds/V50.uasset" 292
"F:/Vitrobot_Oculus_SOP/Vitrobot_Oculus_SOP/Content/Test_Geometry/Test_Textures/Sounds/v5.uasset" 293
"F:/Vitrobot_Oculus_SOP/Vitrobot_Oculus_SOP/Content/Sounds/HitGroundSound.uasset" 294
"F:/Vitrobot_Oculus_SOP/Vitrobot_Oculus_SOP/Content/VirtualRealityCPP/Blueprints/Global_Arrays.uasset" 295
"../../../Engine/Content/BasicShapes/Plane.uasset" 296
"../../../Engine/Content/BasicShapes/BasicShapeMaterial.uasset" 297
"F:/Vitrobot_Oculus_SOP/Vitrobot_Oculus_SOP/Content/VirtualRealityCPP/Blueprints/BP_Inherited_from_C++/TextBoard_n_Sound.uasset" 298
"F:/Vitrobot_Oculus_SOP/Vitrobot_Oculus_SOP/Content/Test_Geometry/defaultMat.uasset" 299
"F:/Vitrobot_Oculus_SOP/Vitrobot_Oculus_SOP/Content/Test_Geometry/Side_Cover.uasset" 300
"F:/Vitrobot_Oculus_SOP/Vitrobot_Oculus_SOP/Content/Test_Geometry/NewMaterial.uasset" 301
"../../../Engine/Content/BasicShapes/Sphere.uasset" 302
"F:/Vitrobot_Oculus_SOP/Vitrobot_Oculus_SOP/Content/VirtualRealityBP/Blueprints/MotionControllerHaptics.uasset" 303
"F:/Vitrobot_Oculus_SOP/Vitrobot_Oculus_SOP/Content/Geometry/Meshes/lambert12.uasset" 304
"F:/Vitrobot_Oculus_SOP/Vitrobot_Oculus_SOP/Content/Geometry/Meshes/CubeMaterial.uasset" 305
"F:/Vitrobot_Oculus_SOP/Vitrobot_Oculus_SOP/Content/Geometry/Meshes/1M_Cube.uasset" 306
"F:/Vitrobot_Oculus_SOP/Vitrobot_Oculus_SOP/Content/VirtualRealityBP/Blueprints/PickupActorInterface.uasset" 307
"F:/Vitrobot_Oculus_SOP/Vitrobot_Oculus_SOP/Content/UI_Elements/Score_UI.uasset" 308
"F:/Vitrobot_Oculus_SOP/Vitrobot_Oculus_SOP/Content/VirtualRealityBP/Blueprints/MotionControllerPawn.uasset" 309
"F:/Vitrobot_Oculus_SOP/Vitrobot_Oculus_SOP/Content/VirtualRealityBP/Blueprints/BP_PickupCube.uasset" 310
"F:/Vitrobot_Oculus_SOP/Vitrobot_Oculus_SOP/Content/VirtualRealityBP/Blueprints/Test_Blueprint.uasset" 311
"F:/Vitrobot_Oculus_SOP/Vitrobot_Oculus_SOP/Content/VirtualReality/Meshes/SM_FatCylinder.uasset" 312
"F:/Vitrobot_Oculus_SOP/Vitrobot_Oculus_SOP/Content/VirtualReality/Meshes/BeamMesh.uasset" 313
"F:/Vitrobot_Oculus_SOP/Vitrobot_Oculus_SOP/Content/VirtualReality/Meshes/BeaconDirection.uasset" 314
"F:/Vitrobot_Oculus_SOP/Vitrobot_Oculus_SOP/Content/VirtualReality/Meshes/1x1_cube.uasset" 315
"../../../Engine/Content/EngineMaterials/Good64x64TilingNoiseHighFreq.uasset" 316
"F:/Vitrobot_Oculus_SOP/Vitrobot_Oculus_SOP/Content/VirtualReality/Materials/TeleportMCP.uasset" 317
"../../../Engine/Content/Functions/Engine_MaterialFunctions02/ScreenResolution.uasset" 318
"../../../Engine/Content/Functions/Engine_MaterialFunctions01/Texturing/ScaleUVsByCenter.uasset" 319
"../../../Engine/Content/Functions/Engine_MaterialFunctions02/Texturing/ScreenAlignedUVs.uasset" 320
"../../../Engine/Content/Functions/Engine_MaterialFunctions02/Utility/DepthFromWorldPosition.uasset" 321
"F:/Vitrobot_Oculus_SOP/Vitrobot_Oculus_SOP/Content/VirtualReality/Materials/MF_OccludedPixels.uasset" 322
"F:/Vitrobot_Oculus_SOP/Vitrobot_Oculus_SOP/Content/VirtualReality/Materials/M_SplineArcMat.uasset" 323
"F:/Vitrobot_Oculus_SOP/Vitrobot_Oculus_SOP/Content/VirtualReality/Materials/M_ArcEndpoint.uasset" 324
"F:/Vitrobot_Oculus_SOP/Vitrobot_Oculus_SOP/Content/VirtualReality/Materials/M_TeleportPreviews.uasset" 325
"F:/Vitrobot_Oculus_SOP/Vitrobot_Oculus_SOP/Content/VirtualReality/Materials/MI_TeleportCylinderPreview.uasset" 326
"F:/Vitrobot_Oculus_SOP/Vitrobot_Oculus_SOP/Content/VirtualReality/Materials/MI_ChaperoneOutline.uasset" 327
"F:/Vitrobot_Oculus_SOP/Vitrobot_Oculus_SOP/Content/VR_Hands/Meshes/VRHand_Right_PhysicsAsset.uasset" 328
"F:/Vitrobot_Oculus_SOP/Vitrobot_Oculus_SOP/Content/VirtualReality/Mannequin/Character/Mesh/MannequinHand_Right_Skeleton.uasset" 329
"F:/Vitrobot_Oculus_SOP/Vitrobot_Oculus_SOP/Content/VirtualReality/Mannequin/Character/Mesh/StylizedManHand_Right.uasset" 330
"F:/Vitrobot_Oculus_SOP/Vitrobot_Oculus_SOP/Content/VirtualRealityBP/Blueprints/GripEnum.uasset" 331
"F:/Vitrobot_Oculus_SOP/Vitrobot_Oculus_SOP/Content/VirtualReality/Mannequin/Animations/PointAnimation.uasset" 332
"F:/Vitrobot_Oculus_SOP/Vitrobot_Oculus_SOP/Content/VirtualReality/Mannequin/Animations/PickupTinyAnimation.uasset" 333
"F:/Vitrobot_Oculus_SOP/Vitrobot_Oculus_SOP/Content/VirtualReality/Mannequin/Animations/MannequinHand_Right_Open.uasset" 334
"F:/Vitrobot_Oculus_SOP/Vitrobot_Oculus_SOP/Content/VirtualReality/Mannequin/Animations/MannequinHand_Right_GrabPipet.uasset" 335
"F:/Vitrobot_Oculus_SOP/Vitrobot_Oculus_SOP/Content/VirtualReality/Mannequin/Animations/MannequinHand_Right_Grab.uasset" 336
"F:/Vitrobot_Oculus_SOP/Vitrobot_Oculus_SOP/Content/VirtualReality/Mannequin/Animations/MannequinHand_Right_CanGrab.uasset" 337
"F:/Vitrobot_Oculus_SOP/Vitrobot_Oculus_SOP/Content/VirtualReality/Mannequin/Animations/RightHandGesture_BS.uasset" 338
"F:/Vitrobot_Oculus_SOP/Vitrobot_Oculus_SOP/Content/VirtualReality/Mannequin/Animations/RightGrip_BS.uasset" 339
"F:/Vitrobot_Oculus_SOP/Vitrobot_Oculus_SOP/Content/VirtualReality/Mannequin/Animations/RightHand_AnimBP.uasset" 340
"F:/Vitrobot_Oculus_SOP/Vitrobot_Oculus_SOP/Content/UI_Elements/HandUI/UI_Hand.uasset" 341
"F:/Vitrobot_Oculus_SOP/Vitrobot_Oculus_SOP/Content/UI_Elements/HandUI/ControllerUIMat.uasset" 342
"F:/Vitrobot_Oculus_SOP/Vitrobot_Oculus_SOP/Content/UI_Elements/HandUI/HandUIMesh.uasset" 343
"F:/Vitrobot_Oculus_SOP/Vitrobot_Oculus_SOP/Content/UI_Elements/HandUI/ControllerUIMatRed_Inst.uasset" 344
"F:/Vitrobot_Oculus_SOP/Vitrobot_Oculus_SOP/Content/UI_Elements/HandUI/ControllerUIMatGreen_Inst.uasset" 345
"F:/Vitrobot_Oculus_SOP/Vitrobot_Oculus_SOP/Content/Sounds/BeepSound.uasset" 346
"F:/Vitrobot_Oculus_SOP/Vitrobot_Oculus_SOP/Content/VirtualRealityBP/Blueprints/BP_MotionController.uasset" 347
"F:/Vitrobot_Oculus_SOP/Vitrobot_Oculus_SOP/Content/VirtualRealityCPP/Blueprints/BP_Inherited_from_C++/SideCoverActor.uasset" 348
"F:/Vitrobot_Oculus_SOP/Vitrobot_Oculus_SOP/Content/Models/Tweezer_Grid.uasset" 349
"F:/Vitrobot_Oculus_SOP/Vitrobot_Oculus_SOP/Content/Models/01M_Glass.uasset" 350
"F:/Vitrobot_Oculus_SOP/Vitrobot_Oculus_SOP/Content/Models/01GridHolderMat_Inst.uasset" 351
"F:/Vitrobot_Oculus_SOP/Vitrobot_Oculus_SOP/Content/Models/GridHolderUMesh.uasset" 352
"F:/Vitrobot_Oculus_SOP/Vitrobot_Oculus_SOP/Content/Models/01GeneralWhiteMat.uasset" 353
"F:/Vitrobot_Oculus_SOP/Vitrobot_Oculus_SOP/Content/Models/GridHolderDMesh.uasset" 354
"F:/Vitrobot_Oculus_SOP/Vitrobot_Oculus_SOP/Content/VirtualRealityCPP/Blueprints/BP_Inherited_from_C++/PetridishActor.uasset" 355
"F:/Vitrobot_Oculus_SOP/Vitrobot_Oculus_SOP/Content/VirtualReality/VR_Hands/Textures/T_StylizedWomanHand_TX.uasset" 356
"F:/Vitrobot_Oculus_SOP/Vitrobot_Oculus_SOP/Content/VirtualReality/VR_Hands/Textures/T_StylizedWomanHand_ORM.uasset" 357
"F:/Vitrobot_Oculus_SOP/Vitrobot_Oculus_SOP/Content/VirtualReality/VR_Hands/Textures/SSS/T_Hand_SSS.uasset" 358
"F:/Vitrobot_Oculus_SOP/Vitrobot_Oculus_SOP/Content/VirtualReality/VR_Hands/Textures/T_Example_N.uasset" 359
"F:/Vitrobot_Oculus_SOP/Vitrobot_Oculus_SOP/Content/VirtualReality/VR_Hands/Textures/T_Example_BC.uasset" 360
"F:/Vitrobot_Oculus_SOP/Vitrobot_Oculus_SOP/Content/VirtualReality/VR_Hands/Materials/Shaders/M_Master.uasset" 361
"F:/Vitrobot_Oculus_SOP/Vitrobot_Oculus_SOP/Content/VirtualReality/VR_Hands/Materials/MI_StylizedWomanHand.uasset" 362
"F:/Vitrobot_Oculus_SOP/Vitrobot_Oculus_SOP/Content/VirtualReality/Mannequin/Character/Mesh/MannequinHand_Right_PhysicsAsset.uasset" 363
"F:/Vitrobot_Oculus_SOP/Vitrobot_Oculus_SOP/Content/VirtualReality/VR_Hands/Meshes/StylizedWomanHand_Right.uasset" 364
"F:/Vitrobot_Oculus_SOP/Vitrobot_Oculus_SOP/Content/VirtualRealityCPP/Blueprints/MouseSensitivity.uasset" 365
"F:/Vitrobot_Oculus_SOP/Vitrobot_Oculus_SOP/Content/VirtualRealityCPP/Blueprints/HandFollow.uasset" 366
"F:/Vitrobot_Oculus_SOP/Vitrobot_Oculus_SOP/Content/FirstPersonContent/FirstPersonBP/Blueprints/FirstPersonCharacter.uasset" 367
"F:/Vitrobot_Oculus_SOP/Vitrobot_Oculus_SOP/Content/Test_Geometry/Test_Textures/Textures/pen_1001_OcclusionRoughnessMetallic.uasset" 368
"F:/Vitrobot_Oculus_SOP/Vitrobot_Oculus_SOP/Content/Test_Geometry/Test_Textures/Textures/pen_1001_Normal.uasset" 369
"F:/Vitrobot_Oculus_SOP/Vitrobot_Oculus_SOP/Content/Test_Geometry/Test_Textures/Textures/pen_1001_BaseColor.uasset" 370
"F:/Vitrobot_Oculus_SOP/Vitrobot_Oculus_SOP/Content/Test_Geometry/Test_Textures/Pen.uasset" 371
"F:/Vitrobot_Oculus_SOP/Vitrobot_Oculus_SOP/Content/Test_Geometry/Test_Textures/Stylus.uasset" 372
"F:/Vitrobot_Oculus_SOP/Vitrobot_Oculus_SOP/Content/VirtualRealityCPP/Blueprints/BP_Inherited_from_C++/PenActor.uasset" 373
"F:/Vitrobot_Oculus_SOP/Vitrobot_Oculus_SOP/Content/Test_Geometry/Test_Textures/Sounds/PlungerSound.uasset" 374
"F:/Vitrobot_Oculus_SOP/Vitrobot_Oculus_SOP/Content/Test_Geometry/Test_Textures/Sounds/blotter.uasset" 375
"F:/Vitrobot_Oculus_SOP/Vitrobot_Oculus_SOP/Content/Test_Geometry/Test_Textures/Textures/Vitrobot_M_V_WorkStation_Holder_OcclusionRoughnessMetallic.uasset" 376
"F:/Vitrobot_Oculus_SOP/Vitrobot_Oculus_SOP/Content/Test_Geometry/Test_Textures/Textures/Vitrobot_M_V_WorkStation_Holder_BaseColor.uasset" 377
"F:/Vitrobot_Oculus_SOP/Vitrobot_Oculus_SOP/Content/Test_Geometry/Test_Textures/M_V_WorkStation_Holder.uasset" 378
"F:/Vitrobot_Oculus_SOP/Vitrobot_Oculus_SOP/Content/Test_Geometry/Test_Textures/vitrobot_m_WorkStation_Holder.uasset" 379
"F:/Vitrobot_Oculus_SOP/Vitrobot_Oculus_SOP/Content/Test_Geometry/Test_Textures/pasted__phong2.uasset" 380
"F:/Vitrobot_Oculus_SOP/Vitrobot_Oculus_SOP/Content/Test_Geometry/Test_Textures/pasted__blinn2.uasset" 381
"F:/Vitrobot_Oculus_SOP/Vitrobot_Oculus_SOP/Content/Test_Geometry/Test_Textures/pasted__blinn1.uasset" 382
"F:/Vitrobot_Oculus_SOP/Vitrobot_Oculus_SOP/Content/Test_Geometry/Test_Textures/lambert1.uasset" 383
"F:/Vitrobot_Oculus_SOP/Vitrobot_Oculus_SOP/Content/Test_Geometry/Test_Textures/aiStandardSurface1.uasset" 384
"F:/Vitrobot_Oculus_SOP/Vitrobot_Oculus_SOP/Content/Test_Geometry/Test_Textures/gridbox.uasset" 385
"F:/Vitrobot_Oculus_SOP/Vitrobot_Oculus_SOP/Content/Particles/WaterSplash_Tex.uasset" 386
"F:/Vitrobot_Oculus_SOP/Vitrobot_Oculus_SOP/Content/Particles/WaterSplashMat.uasset" 387
"F:/Vitrobot_Oculus_SOP/Vitrobot_Oculus_SOP/Content/Particles/WaterSplash_P.uasset" 388
"F:/Vitrobot_Oculus_SOP/Vitrobot_Oculus_SOP/Content/Models/01M_Glass_Inst2.uasset" 389
"F:/Vitrobot_Oculus_SOP/Vitrobot_Oculus_SOP/Content/Models/01M_EppendorfMat.uasset" 390
"F:/Vitrobot_Oculus_SOP/Vitrobot_Oculus_SOP/Content/Geometry/Meshes/EthaneTip.uasset" 391
"F:/Vitrobot_Oculus_SOP/Vitrobot_Oculus_SOP/Content/Particles/WaterDrop.uasset" 392
"F:/Vitrobot_Oculus_SOP/Vitrobot_Oculus_SOP/Content/Particles/WaterParticleMat.uasset" 393
"F:/Vitrobot_Oculus_SOP/Vitrobot_Oculus_SOP/Content/Particles/WaterParticleMat_Inst.uasset" 394
"F:/Vitrobot_Oculus_SOP/Vitrobot_Oculus_SOP/Content/Particles/EthaneSplash_P.uasset" 395
"F:/Vitrobot_Oculus_SOP/Vitrobot_Oculus_SOP/Content/Models/Textures/AirTanktexMask.uasset" 396
"F:/Vitrobot_Oculus_SOP/Vitrobot_Oculus_SOP/Content/Models/Textures/AirTanktex.uasset" 397
"F:/Vitrobot_Oculus_SOP/Vitrobot_Oculus_SOP/Content/Models/EthaneTank_MainMat.uasset" 398
"F:/Vitrobot_Oculus_SOP/Vitrobot_Oculus_SOP/Content/Models/EthaneKnob.uasset" 399
"F:/Vitrobot_Oculus_SOP/Vitrobot_Oculus_SOP/Content/Models/EthaneKnob_02.uasset" 400
"F:/Vitrobot_Oculus_SOP/Vitrobot_Oculus_SOP/Content/Models/lambert4SG1.uasset" 401
"F:/Vitrobot_Oculus_SOP/Vitrobot_Oculus_SOP/Content/Models/EthanePointer.uasset" 402
"F:/Vitrobot_Oculus_SOP/Vitrobot_Oculus_SOP/Content/Models/EthaneTip.uasset" 403
"F:/Vitrobot_Oculus_SOP/Vitrobot_Oculus_SOP/Content/Models/Textures/AirTanktex_01.uasset" 404
"F:/Vitrobot_Oculus_SOP/Vitrobot_Oculus_SOP/Content/Models/AirTank_MainMat_Inst.uasset" 405
"F:/Vitrobot_Oculus_SOP/Vitrobot_Oculus_SOP/Content/Models/EthaneTank.uasset" 406
"F:/Vitrobot_Oculus_SOP/Vitrobot_Oculus_SOP/Content/Sounds/decompress.uasset" 407
"F:/Vitrobot_Oculus_SOP/Vitrobot_Oculus_SOP/Content/VirtualRealityCPP/Blueprints/BP_Inherited_from_C++/EthaneTankActor.uasset" 408
"F:/Vitrobot_Oculus_SOP/Vitrobot_Oculus_SOP/Content/Test_Geometry/Test_Textures/tube_1001_OcclusionRoughnessMetallic.uasset" 409
"F:/Vitrobot_Oculus_SOP/Vitrobot_Oculus_SOP/Content/Test_Geometry/Test_Textures/tube_1001_Normal.uasset" 410
"F:/Vitrobot_Oculus_SOP/Vitrobot_Oculus_SOP/Content/Test_Geometry/Test_Textures/tube_1001_BaseColor.uasset" 411
"F:/Vitrobot_Oculus_SOP/Vitrobot_Oculus_SOP/Content/Test_Geometry/Test_Textures/Tube_M.uasset" 412
"F:/Vitrobot_Oculus_SOP/Vitrobot_Oculus_SOP/Content/VirtualRealityCPP/Blueprints/BP_Inherited_from_C++/EthaneTipActor.uasset" 413
"F:/Vitrobot_Oculus_SOP/Vitrobot_Oculus_SOP/Content/Models/Textures/metal_bareTex.uasset" 414
"F:/Vitrobot_Oculus_SOP/Vitrobot_Oculus_SOP/Content/Models/DewarMat.uasset" 415
"F:/Vitrobot_Oculus_SOP/Vitrobot_Oculus_SOP/Content/Models/NitrogenTankCapMesh.uasset" 416
"F:/Vitrobot_Oculus_SOP/Vitrobot_Oculus_SOP/Content/Models/DewarMesh.uasset" 417
"F:/Vitrobot_Oculus_SOP/Vitrobot_Oculus_SOP/Content/VirtualRealityCPP/Blueprints/BP_Inherited_from_C++/DewarCapActor.uasset" 418
"F:/Vitrobot_Oculus_SOP/Vitrobot_Oculus_SOP/Content/VirtualRealityCPP/Blueprints/BP_Inherited_from_C++/DewarActor.uasset" 419
"F:/Vitrobot_Oculus_SOP/Vitrobot_Oculus_SOP/Content/Test_Geometry/Test_Textures/defaultMat.uasset" 420
"F:/Vitrobot_Oculus_SOP/Vitrobot_Oculus_SOP/Content/Test_Geometry/Test_Textures/Grid_Dewar_Cover.uasset" 421
"F:/Vitrobot_Oculus_SOP/Vitrobot_Oculus_SOP/Content/Material5.uasset" 422
"F:/Vitrobot_Oculus_SOP/Vitrobot_Oculus_SOP/Content/VirtualRealityCPP/Blueprints/BP_Inherited_from_C++/GridDewarCoverActor.uasset" 423
"F:/Vitrobot_Oculus_SOP/Vitrobot_Oculus_SOP/Content/Test_Geometry/Test_Textures/Grid_Dewar_Cap.uasset" 424
"F:/Vitrobot_Oculus_SOP/Vitrobot_Oculus_SOP/Content/Test_Geometry/Test_Textures/Grid_Dewar.uasset" 425
"F:/Vitrobot_Oculus_SOP/Vitrobot_Oculus_SOP/Content/VirtualRealityCPP/Blueprints/BP_Inherited_from_C++/GridDewarActor.uasset" 426
"F:/Vitrobot_Oculus_SOP/Vitrobot_Oculus_SOP/Content/Test_Geometry/Test_Textures/Grid_Metal_Tube.uasset" 427
"F:/Vitrobot_Oculus_SOP/Vitrobot_Oculus_SOP/Content/VirtualRealityCPP/Blueprints/BP_Inherited_from_C++/GridMetalTubeActor.uasset" 428
"F:/Vitrobot_Oculus_SOP/Vitrobot_Oculus_SOP/Content/Test_Geometry/FreezeDewar.uasset" 429
"F:/Vitrobot_Oculus_SOP/Vitrobot_Oculus_SOP/Content/VirtualRealityCPP/Blueprints/BP_Inherited_from_C++/FreezingDewarActor.uasset" 430
"F:/Vitrobot_Oculus_SOP/Vitrobot_Oculus_SOP/Content/Test_Geometry/Test_Textures/Grid_Tube.uasset" 431
"F:/Vitrobot_Oculus_SOP/Vitrobot_Oculus_SOP/Content/Test_Geometry/Body_Black_Texture1SG.uasset" 432
"F:/Vitrobot_Oculus_SOP/Vitrobot_Oculus_SOP/Content/VirtualRealityCPP/Blueprints/BP_Inherited_from_C++/GridTubeActor.uasset" 433
"F:/Vitrobot_Oculus_SOP/Vitrobot_Oculus_SOP/Content/VirtualRealityCPP/Blueprints/BP_Inherited_from_C++/GridboxTweezerActor.uasset" 434
"F:/Vitrobot_Oculus_SOP/Vitrobot_Oculus_SOP/Content/VirtualReality/Blueprint/WorkstationTrigger.uasset" 435
"F:/Vitrobot_Oculus_SOP/Vitrobot_Oculus_SOP/Content/UI/Tempreture_UI.uasset" 436
"F:/Vitrobot_Oculus_SOP/Vitrobot_Oculus_SOP/Content/Test_Geometry/labcoat_labcoat_BaseColor.uasset" 437
"F:/Vitrobot_Oculus_SOP/Vitrobot_Oculus_SOP/Content/UI/Ethane_UI.uasset" 438
"F:/Vitrobot_Oculus_SOP/Vitrobot_Oculus_SOP/Content/Test_Geometry/Temp/M_V_WorkStation.uasset" 439
"F:/Vitrobot_Oculus_SOP/Vitrobot_Oculus_SOP/Content/Test_Geometry/Temp/Vitrobot_WorkStation.uasset" 440
"F:/Vitrobot_Oculus_SOP/Vitrobot_Oculus_SOP/Content/Test_Geometry/Water.uasset" 441
"F:/Vitrobot_Oculus_SOP/Vitrobot_Oculus_SOP/Content/Test_Geometry/Test_Textures/Textures/Vitrobot_M_V_WorkStation_OcclusionRoughnessMetallic.uasset" 442
"F:/Vitrobot_Oculus_SOP/Vitrobot_Oculus_SOP/Content/Test_Geometry/Test_Textures/Textures/Vitrobot_M_V_WorkStation_BaseColor.uasset" 443
"F:/Vitrobot_Oculus_SOP/Vitrobot_Oculus_SOP/Content/Test_Geometry/Test_Textures/M_V_WorkStation.uasset" 444
"F:/Vitrobot_Oculus_SOP/Vitrobot_Oculus_SOP/Content/StarterContent/Materials/M_Basic_Wall.uasset" 445
"F:/Vitrobot_Oculus_SOP/Vitrobot_Oculus_SOP/Content/StarterContent/Shapes/Shape_Cylinder.uasset" 446
"F:/Vitrobot_Oculus_SOP/Vitrobot_Oculus_SOP/Content/lambert1.uasset" 447
"F:/Vitrobot_Oculus_SOP/Vitrobot_Oculus_SOP/Content/1.uasset" 448
"F:/Vitrobot_Oculus_SOP/Vitrobot_Oculus_SOP/Content/1_out.uasset" 449
"F:/Vitrobot_Oculus_SOP/Vitrobot_Oculus_SOP/Content/1_in.uasset" 450
"F:/Vitrobot_Oculus_SOP/Vitrobot_Oculus_SOP/Content/Test_Geometry/Test_Textures/Textures/Vitrobot_M_V_WorkStation_2_OcclusionRoughnessMetallic.uasset" 451
"F:/Vitrobot_Oculus_SOP/Vitrobot_Oculus_SOP/Content/Test_Geometry/Test_Textures/Textures/Vitrobot_M_V_WorkStation_2_BaseColor.uasset" 452
"F:/Vitrobot_Oculus_SOP/Vitrobot_Oculus_SOP/Content/Test_Geometry/Test_Textures/M_V_WorkStation_2.uasset" 453
"F:/Vitrobot_Oculus_SOP/Vitrobot_Oculus_SOP/Content/Test_Geometry/Test_Textures/vitrobot_m_WorkStation_P2.uasset" 454
"F:/Vitrobot_Oculus_SOP/Vitrobot_Oculus_SOP/Content/Test_Geometry/Test_Textures/Textures/Vitrobot_M_V_WorkStation_1_OcclusionRoughnessMetallic.uasset" 455
"F:/Vitrobot_Oculus_SOP/Vitrobot_Oculus_SOP/Content/Test_Geometry/Test_Textures/Textures/Vitrobot_M_V_WorkStation_1_BaseColor.uasset" 456
"F:/Vitrobot_Oculus_SOP/Vitrobot_Oculus_SOP/Content/Test_Geometry/Test_Textures/M_V_WorkStation_1.uasset" 457
"F:/Vitrobot_Oculus_SOP/Vitrobot_Oculus_SOP/Content/Test_Geometry/Test_Textures/vitrobot_m_WorkStation_P1.uasset" 458
"F:/Vitrobot_Oculus_SOP/Vitrobot_Oculus_SOP/Content/Test_Geometry/Test_Textures/Textures/Vitrobot_M_V_WorkStation_P0_OcclusionRoughnessMetallic.uasset" 459
"F:/Vitrobot_Oculus_SOP/Vitrobot_Oculus_SOP/Content/Test_Geometry/Test_Textures/Textures/Vitrobot_M_V_WorkStation_P0_BaseColor.uasset" 460
"F:/Vitrobot_Oculus_SOP/Vitrobot_Oculus_SOP/Content/Test_Geometry/Test_Textures/M_V_WorkStation_P0.uasset" 461
"F:/Vitrobot_Oculus_SOP/Vitrobot_Oculus_SOP/Content/Test_Geometry/Test_Textures/vitrobot_m_WorkStation_P0.uasset" 462
"F:/Vitrobot_Oculus_SOP/Vitrobot_Oculus_SOP/Content/VirtualRealityCPP/Blueprints/BP_Inherited_from_C++/AssembleGridBoxTweezer.uasset" 463
"F:/Vitrobot_Oculus_SOP/Vitrobot_Oculus_SOP/Content/VirtualRealityCPP/Blueprints/BP_Inherited_from_C++/WorkstationActor.uasset" 464
"F:/Vitrobot_Oculus_SOP/Vitrobot_Oculus_SOP/Content/Test_Geometry/Test_Textures/Sounds/Workstation_GD.uasset" 465
"F:/Vitrobot_Oculus_SOP/Vitrobot_Oculus_SOP/Content/Test_Geometry/Test_Textures/Textures/Vitrobot_M_V_Holder_OcclusionRoughnessMetallic.uasset" 466
"F:/Vitrobot_Oculus_SOP/Vitrobot_Oculus_SOP/Content/Test_Geometry/Test_Textures/Textures/Vitrobot_M_V_Holder_BaseColor.uasset" 467
"F:/Vitrobot_Oculus_SOP/Vitrobot_Oculus_SOP/Content/Test_Geometry/Test_Textures/M_V_Holder.uasset" 468
"F:/Vitrobot_Oculus_SOP/Vitrobot_Oculus_SOP/Content/Test_Geometry/Test_Textures/Holder.uasset" 469
"F:/Vitrobot_Oculus_SOP/Vitrobot_Oculus_SOP/Content/Test_Geometry/Test_Textures/Textures/Vitrobot_M_V_Door_OcclusionRoughnessMetallic.uasset" 470
"F:/Vitrobot_Oculus_SOP/Vitrobot_Oculus_SOP/Content/Test_Geometry/Test_Textures/Textures/Vitrobot_M_V_Door_BaseColor.uasset" 471
"F:/Vitrobot_Oculus_SOP/Vitrobot_Oculus_SOP/Content/Test_Geometry/Test_Textures/M_V_Door.uasset" 472
"F:/Vitrobot_Oculus_SOP/Vitrobot_Oculus_SOP/Content/Test_Geometry/Test_Textures/Textures/Microscope_M_Glass_OcclusionRoughnessMetallic.uasset" 473
"F:/Vitrobot_Oculus_SOP/Vitrobot_Oculus_SOP/Content/Test_Geometry/Test_Textures/Textures/Microscope_M_Glass_BaseColor.uasset" 474
"F:/Vitrobot_Oculus_SOP/Vitrobot_Oculus_SOP/Content/Test_Geometry/Test_Textures/M_Glass.uasset" 475
"F:/Vitrobot_Oculus_SOP/Vitrobot_Oculus_SOP/Content/Test_Geometry/Test_Textures/Door.uasset" 476
"F:/Vitrobot_Oculus_SOP/Vitrobot_Oculus_SOP/Content/Test_Geometry/Test_Textures/M_V_BottomCover.uasset" 477
"F:/Vitrobot_Oculus_SOP/Vitrobot_Oculus_SOP/Content/Test_Geometry/Test_Textures/BottomCover.uasset" 478
"F:/Vitrobot_Oculus_SOP/Vitrobot_Oculus_SOP/Content/Test_Geometry/Test_Textures/blotter_up.uasset" 479
"F:/Vitrobot_Oculus_SOP/Vitrobot_Oculus_SOP/Content/Test_Geometry/Test_Textures/blotter_down.uasset" 480
"F:/Vitrobot_Oculus_SOP/Vitrobot_Oculus_SOP/Content/Test_Geometry/Test_Textures/Textures/Vitrobot_M_V_Plunger_OcclusionRoughnessMetallic.uasset" 481
"F:/Vitrobot_Oculus_SOP/Vitrobot_Oculus_SOP/Content/Test_Geometry/Test_Textures/Textures/Vitrobot_M_V_Plunger_BaseColor.uasset" 482
"F:/Vitrobot_Oculus_SOP/Vitrobot_Oculus_SOP/Content/Test_Geometry/Test_Textures/M_V_Plunger.uasset" 483
"F:/Vitrobot_Oculus_SOP/Vitrobot_Oculus_SOP/Content/Test_Geometry/Test_Textures/Plunger.uasset" 484
"F:/Vitrobot_Oculus_SOP/Vitrobot_Oculus_SOP/Content/Test_Geometry/Test_Textures/Textures/Screen_Shot_1.uasset" 485
"F:/Vitrobot_Oculus_SOP/Vitrobot_Oculus_SOP/Content/Test_Geometry/Screen_Shot_1.uasset" 486
"F:/Vitrobot_Oculus_SOP/Vitrobot_Oculus_SOP/Content/StarterContent/Shapes/Shape_Plane.uasset" 487
"F:/Vitrobot_Oculus_SOP/Vitrobot_Oculus_SOP/Content/Sop_mat/Vitrobot_machine/vitrobot_m_withL_M_V_Vitrobot_BaseColor.uasset" 488
"F:/Vitrobot_Oculus_SOP/Vitrobot_Oculus_SOP/Content/Sop_mat/Vitrobot_machine/M_V_Vitrobot.uasset" 489
"F:/Vitrobot_Oculus_SOP/Vitrobot_Oculus_SOP/Content/Sop_mat/Vitrobot_machine/M_V_Screen.uasset" 490
"F:/Vitrobot_Oculus_SOP/Vitrobot_Oculus_SOP/Content/Sop_mat/Vitrobot_machine/humidifier.uasset" 491
"F:/Vitrobot_Oculus_SOP/Vitrobot_Oculus_SOP/Content/Sop_mat/Vitrobot_machine/new_vitrobot_without_lid.uasset" 492
"F:/Vitrobot_Oculus_SOP/Vitrobot_Oculus_SOP/Content/VirtualRealityCPP/Blueprints/BP_Inherited_from_C++/VitrobotActor.uasset" 493
"F:/Vitrobot_Oculus_SOP/Vitrobot_Oculus_SOP/Content/Test_Geometry/Test_Textures/Textures/Vitrobot_M_V_Tweezer_OcclusionRoughnessMetallic.uasset" 494
"F:/Vitrobot_Oculus_SOP/Vitrobot_Oculus_SOP/Content/Test_Geometry/Test_Textures/Textures/Vitrobot_M_V_Tweezer_BaseColor.uasset" 495
"F:/Vitrobot_Oculus_SOP/Vitrobot_Oculus_SOP/Content/Test_Geometry/Test_Textures/M_V_Tweezer.uasset" 496
"F:/Vitrobot_Oculus_SOP/Vitrobot_Oculus_SOP/Content/Test_Geometry/Test_Textures/Tweezer.uasset" 497
"F:/Vitrobot_Oculus_SOP/Vitrobot_Oculus_SOP/Content/VirtualRealityCPP/Blueprints/BP_Inherited_from_C++/TweezerActor.uasset" 498
"F:/Vitrobot_Oculus_SOP/Vitrobot_Oculus_SOP/Content/Models/SampleHolder.uasset" 499
"F:/Vitrobot_Oculus_SOP/Vitrobot_Oculus_SOP/Content/VirtualRealityCPP/Blueprints/BP_Inherited_from_C++/SampleTubeActor.uasset" 500
"F:/Vitrobot_Oculus_SOP/Vitrobot_Oculus_SOP/Content/Models/Pipet_body02Mat.uasset" 501
"F:/Vitrobot_Oculus_SOP/Vitrobot_Oculus_SOP/Content/Models/Pipet_KnobMat.uasset" 502
"F:/Vitrobot_Oculus_SOP/Vitrobot_Oculus_SOP/Content/Models/Pipet_body01Mat.uasset" 503
"F:/Vitrobot_Oculus_SOP/Vitrobot_Oculus_SOP/Content/Models/Pipet_attachmentMat.uasset" 504
"F:/Vitrobot_Oculus_SOP/Vitrobot_Oculus_SOP/Content/Models/Pipet.uasset" 505
"F:/Vitrobot_Oculus_SOP/Vitrobot_Oculus_SOP/Content/Material10.uasset" 506
"F:/Vitrobot_Oculus_SOP/Vitrobot_Oculus_SOP/Content/VirtualRealityCPP/Blueprints/BP_Inherited_from_C++/PipetteActor.uasset" 507
"F:/Vitrobot_Oculus_SOP/Vitrobot_Oculus_SOP/Content/VirtualRealityCPP/Blueprints/BP_Inherited_from_C++/PetridishCoverActor.uasset" 508
"F:/Vitrobot_Oculus_SOP/Vitrobot_Oculus_SOP/Content/Models/lambert8.uasset" 509
"F:/Vitrobot_Oculus_SOP/Vitrobot_Oculus_SOP/Content/Models/cart_Wheels.uasset" 510
"F:/Vitrobot_Oculus_SOP/Vitrobot_Oculus_SOP/Content/VirtualRealityCPP/cart_Wheels_Blueprint.uasset" 511
"F:/Vitrobot_Oculus_SOP/Vitrobot_Oculus_SOP/Content/VirtualRealityCPP/Blueprints/BP_Inherited_from_C++/CleanTweezer.uasset" 512
"F:/Vitrobot_Oculus_SOP/Vitrobot_Oculus_SOP/Content/Models/FloorMesh.uasset" 513
"F:/Vitrobot_Oculus_SOP/Vitrobot_Oculus_SOP/Content/StarterContent/Textures/T_Wood_Oak_N.uasset" 514
"F:/Vitrobot_Oculus_SOP/Vitrobot_Oculus_SOP/Content/StarterContent/Textures/T_Wood_Oak_D.uasset" 515
"F:/Vitrobot_Oculus_SOP/Vitrobot_Oculus_SOP/Content/StarterContent/Textures/T_MacroVariation.uasset" 516
"F:/Vitrobot_Oculus_SOP/Vitrobot_Oculus_SOP/Content/StarterContent/Materials/M_Wood_Oak.uasset" 517
"F:/Vitrobot_Oculus_SOP/Vitrobot_Oculus_SOP/Content/VirtualRealityBP/Blueprints/Floor_Blueprint.uasset" 518
"F:/Vitrobot_Oculus_SOP/Vitrobot_Oculus_SOP/Content/VirtualRealityCPP/Blueprints/BP_Inherited_from_C++/CleanPipette.uasset" 519
"F:/Vitrobot_Oculus_SOP/Vitrobot_Oculus_SOP/Content/VirtualRealityCPP/Blueprints/BP_Inherited_from_C++/CleanPetridish.uasset" 520
"F:/Vitrobot_Oculus_SOP/Vitrobot_Oculus_SOP/Content/VirtualRealityCPP/Blueprints/BP_Inherited_from_C++/CleanLiquidSampleRack.uasset" 521
"F:/Vitrobot_Oculus_SOP/Vitrobot_Oculus_SOP/Content/Test_Geometry/Test_Textures/GridBoxTweezer.uasset" 522
"F:/Vitrobot_Oculus_SOP/Vitrobot_Oculus_SOP/Content/VirtualRealityCPP/Blueprints/BP_Inherited_from_C++/CleanGridBoxTweezer.uasset" 523
"F:/Vitrobot_Oculus_SOP/Vitrobot_Oculus_SOP/Content/Test_Geometry/Test_Textures/FreezeDewar.uasset" 524
"F:/Vitrobot_Oculus_SOP/Vitrobot_Oculus_SOP/Content/VirtualRealityCPP/Blueprints/BP_Inherited_from_C++/CleanFreezingDewar.uasset" 525
"F:/Vitrobot_Oculus_SOP/Vitrobot_Oculus_SOP/Content/VirtualRealityCPP/Blueprints/BP_Inherited_from_C++/CleanDewar.uasset" 526
"../../../Engine/Content/BasicShapes/Cube.uasset" 527
"F:/Vitrobot_Oculus_SOP/Vitrobot_Oculus_SOP/Content/VirtualRealityCPP/Blueprints/TV_Button.uasset" 528
"F:/Vitrobot_Oculus_SOP/Vitrobot_Oculus_SOP/Content/UI/TutorialUI/CP3_UI_RotateArrowMesh.uasset" 529
"F:/Vitrobot_Oculus_SOP/Vitrobot_Oculus_SOP/Content/UI/TutorialUI/arrow.uasset" 530
"F:/Vitrobot_Oculus_SOP/Vitrobot_Oculus_SOP/Content/UI/TutorialUI/CP3_UI_RArrowMat.uasset" 531
"F:/Vitrobot_Oculus_SOP/Vitrobot_Oculus_SOP/Content/UI/TutorialUI/UI_RotateArrow_BP.uasset" 532
"F:/Vitrobot_Oculus_SOP/Vitrobot_Oculus_SOP/Content/UI/TutorialUI/CP3_UI_ForwardArrowMesh.uasset" 533
"F:/Vitrobot_Oculus_SOP/Vitrobot_Oculus_SOP/Content/UI/TutorialUI/CP3_UI_FArrowMat.uasset" 534
"F:/Vitrobot_Oculus_SOP/Vitrobot_Oculus_SOP/Content/UI/TutorialUI/UI_FowardArrow_BP.uasset" 535
"F:/Vitrobot_Oculus_SOP/Vitrobot_Oculus_SOP/Content/StarterContent/Textures/NewMaterial.uasset" 536
"F:/Vitrobot_Oculus_SOP/Vitrobot_Oculus_SOP/Content/VirtualRealityCPP/Blueprints/Indication_Button.uasset" 537
"F:/Vitrobot_Oculus_SOP/Vitrobot_Oculus_SOP/Content/VirtualRealityBP/SaveGame/MySaveGame.uasset" 538
"F:/Vitrobot_Oculus_SOP/Vitrobot_Oculus_SOP/Content/Test_Geometry/Test_Textures/WorkStation.uasset" 539
"F:/Vitrobot_Oculus_SOP/Vitrobot_Oculus_SOP/Content/VirtualReality/Blueprint/Triggers/Option_Menu.uasset" 540
"F:/Vitrobot_Oculus_SOP/Vitrobot_Oculus_SOP/Content/VirtualReality/Blueprint/WorkstationTrigger1.uasset" 541
"F:/Vitrobot_Oculus_SOP/Vitrobot_Oculus_SOP/Content/Test_Geometry/lambert4SG.uasset" 542
"F:/Vitrobot_Oculus_SOP/Vitrobot_Oculus_SOP/Content/Models/TableMat.uasset" 543
"F:/Vitrobot_Oculus_SOP/Vitrobot_Oculus_SOP/Content/Test_Geometry/lambert1.uasset" 544
"F:/Vitrobot_Oculus_SOP/Vitrobot_Oculus_SOP/Content/Test_Geometry/plastic_tube.uasset" 545
"F:/Vitrobot_Oculus_SOP/Vitrobot_Oculus_SOP/Content/Indication_Gridtube_Blueprint.uasset" 546
"F:/Vitrobot_Oculus_SOP/Vitrobot_Oculus_SOP/Content/Sop_mat/Vitrobot_machine/humidifier_1001_BaseColor.uasset" 547
"F:/Vitrobot_Oculus_SOP/Vitrobot_Oculus_SOP/Content/Sop_mat/Vitrobot_machine/humidifier_1001_OcclusionRoughnessMetallic.uasset" 548
"F:/Vitrobot_Oculus_SOP/Vitrobot_Oculus_SOP/Content/Sop_mat/Vitrobot_machine/humidifier_1001_Normal.uasset" 549
"F:/Vitrobot_Oculus_SOP/Vitrobot_Oculus_SOP/Content/Sop_mat/Vitrobot_machine/humidifier_1001_BaseColor_Mat.uasset" 550
"F:/Vitrobot_Oculus_SOP/Vitrobot_Oculus_SOP/Content/VirtualRealityCPP/Blueprints/BP_Inherited_from_C++/Humidifier.uasset" 551
"F:/Vitrobot_Oculus_SOP/Vitrobot_Oculus_SOP/Content/Styrofoam_container.uasset" 552
"F:/Vitrobot_Oculus_SOP/Vitrobot_Oculus_SOP/Content/Materials/MM_SimpleUI.uasset" 553
"F:/Vitrobot_Oculus_SOP/Vitrobot_Oculus_SOP/Content/Sop_mat/LED_Screen.uasset" 554
"F:/Vitrobot_Oculus_SOP/Vitrobot_Oculus_SOP/Content/Sop_mat/LED_Mat.uasset" 555
"F:/Vitrobot_Oculus_SOP/Vitrobot_Oculus_SOP/Content/Test_Geometry/Test_Textures/Sounds/BeepSound.uasset" 556
"F:/Vitrobot_Oculus_SOP/Vitrobot_Oculus_SOP/Content/VirtualRealityCPP/Blueprints/LED_BP.uasset" 557
"F:/Vitrobot_Oculus_SOP/Vitrobot_Oculus_SOP/Content/Power_Button.uasset" 558
"F:/Vitrobot_Oculus_SOP/Vitrobot_Oculus_SOP/Content/Paper_MM.uasset" 559
"F:/Vitrobot_Oculus_SOP/Vitrobot_Oculus_SOP/Content/P2.uasset" 560
"F:/Vitrobot_Oculus_SOP/Vitrobot_Oculus_SOP/Content/P1.uasset" 561
"F:/Vitrobot_Oculus_SOP/Vitrobot_Oculus_SOP/Content/P0.uasset" 562
"F:/Vitrobot_Oculus_SOP/Vitrobot_Oculus_SOP/Content/Test_Geometry/Test_Textures/grid_box.uasset" 563
"F:/Vitrobot_Oculus_SOP/Vitrobot_Oculus_SOP/Content/Grid_Box_BP.uasset" 564
"F:/Vitrobot_Oculus_SOP/Vitrobot_Oculus_SOP/Content/VirtualRealityCPP/Maps/Vitrobot_Oculus_Mainlevel_Test.umap" 565
"../../../Engine/Content/Maps/Entry_BuiltData.uasset" 566
"../../../Engine/Content/Maps/Entry.umap" 567
