"../../../../../CryoVR/Vitrobot_Oculus_SOP/Content/UI/lambert1.uasset" 0
"../../../../../CryoVR/Vitrobot_Oculus_SOP/Content/UI/grid_box.uasset" 1
"../../../../../CryoVR/Vitrobot_Oculus_SOP/Content/UI/Tutorial_Enum.uasset" 2
"../../../../../CryoVR/Vitrobot_Oculus_SOP/Content/UI/TutorialUI/CP3_UI_RArrowMat_Inst.uasset" 3
"../../../../../CryoVR/Vitrobot_Oculus_SOP/Content/UI/TutorialUI/StartButton.uasset" 4
"../../../../../CryoVR/Vitrobot_Oculus_SOP/Content/UI/TutorialUI/TextRender_BP.uasset" 5
"../../../../../CryoVR/Vitrobot_Oculus_SOP/Content/UI/TutorialUI/UIDemoMat.uasset" 6
"../../../../../CryoVR/Vitrobot_Oculus_SOP/Content/UI/TutorialUI/UI_Arrow_BP.uasset" 7
"../../../../../CryoVR/Vitrobot_Oculus_SOP/Content/UI/TutorialUI/ViveController.uasset" 8
"../../../Engine/Content/Animation/DefaultAnimBoneCompressionSettings.uasset" 9
"../../../Engine/Content/Animation/DefaultAnimCurveCompressionSettings.uasset" 10
"../../../Engine/Content/EngineMaterials/T_Default_Material_Grid_N.uasset" 11
"../../../Engine/Content/EngineMaterials/T_Default_Material_Grid_M.uasset" 12
"../../../Engine/Content/Functions/Engine_MaterialFunctions01/Opacity/CameraDepthFade.uasset" 13
"../../../Engine/Content/EngineMaterials/WorldGridMaterial.uasset" 14
"../../../Engine/Content/ArtTools/RenderToTexture/Meshes/S_1_Unit_Plane.uasset" 15
"../../../Engine/Content/EngineMaterials/DefaultMaterial.uasset" 16
"../../../Engine/Content/BasicShapes/Cone.uasset" 17
"../../../Engine/Content/EditorLandscapeResources/DataLayer.uasset" 18
"../../../Engine/Content/EditorLandscapeResources/DefaultAlphaTexture.uasset" 19
"../../../Engine/Content/EditorMaterials/MAT_Groups_Toggle.uasset" 20
"../../../Engine/Content/EditorMaterials/MAT_Groups_Visibility.uasset" 21
"../../../Engine/Content/EditorMaterials/PreviewShadowIndicator.uasset" 22
"../../../Engine/Content/EditorMaterials/PreviewShadowIndicatorMaterial.uasset" 23
"../../../Engine/Content/EditorMaterials/MatineeGroups/MAT_ColorTrack.uasset" 24
"../../../Engine/Content/EditorMaterials/MatineeGroups/MAT_Groups_Anim.uasset" 25
"../../../Engine/Content/EditorMaterials/MatineeGroups/MAT_Groups_AudioMaster.uasset" 26
"../../../Engine/Content/EditorMaterials/MatineeGroups/MAT_Groups_Director.uasset" 27
"../../../Engine/Content/EditorMaterials/MatineeGroups/MAT_Groups_Event.uasset" 28
"../../../Engine/Content/EditorMaterials/MatineeGroups/MAT_Groups_Fade.uasset" 29
"../../../Engine/Content/EditorMaterials/MatineeGroups/MAT_Groups_Float.uasset" 30
"../../../Engine/Content/EditorMaterials/MatineeGroups/MAT_Groups_Move.uasset" 31
"../../../Engine/Content/EditorMaterials/MatineeGroups/MAT_Groups_Slomo.uasset" 32
"../../../Engine/Content/EditorMaterials/MatineeGroups/MAT_Groups_Sound.uasset" 33
"../../../Engine/Content/EditorMaterials/MatineeGroups/MAT_Groups_Vector.uasset" 34
"../../../Engine/Content/EditorMaterials/ParticleSystems/PSysThumbnail_NoImage.uasset" 35
"../../../Engine/Content/EditorMaterials/ParticleSystems/PSysThumbnail_OOD.uasset" 36
"../../../Engine/Content/EditorMaterials/Camera/CineMat.uasset" 37
"../../../Engine/Content/EditorMaterials/Camera/MI_CineMat_Rig.uasset" 38
"../../../Engine/Content/EditorMeshes/Camera/SM_CraneRig_Arm.uasset" 39
"../../../Engine/Content/EditorMeshes/Camera/SM_CraneRig_Base.uasset" 40
"../../../Engine/Content/EditorMeshes/Camera/SM_CraneRig_Body.uasset" 41
"../../../Engine/Content/EditorMeshes/Camera/SM_CraneRig_Mount.uasset" 42
"../../../Engine/Content/EditorMeshes/Camera/SM_RailRig_Mount.uasset" 43
"../../../Engine/Content/EditorMeshes/Camera/SM_RailRig_Track.uasset" 44
"../../../Engine/Content/EditorResources/BSPVertex.uasset" 45
"../../../Engine/Content/EditorResources/EmptyActor.uasset" 46
"../../../Engine/Content/EditorResources/S_Actor.uasset" 47
"../../../Engine/Content/EditorResources/S_Note.uasset" 48
"../../../Engine/Content/EditorResources/S_Solver.uasset" 49
"../../../Engine/Content/EditorResources/S_Terrain.uasset" 50
"../../../Engine/Content/EditorResources/S_Trigger.uasset" 51
"../../../Engine/Content/EditorResources/SequenceRecorder/Countdown.uasset" 52
"../../../Engine/Content/EditorResources/SequenceRecorder/RecordingIndicator.uasset" 53
"../../../Engine/Content/EngineDamageTypes/DmgTypeBP_Environmental.uasset" 54
"../../../Engine/Content/EngineDebugMaterials/DebugEditorMaterial.uasset" 55
"../../../Engine/Content/EngineDebugMaterials/DebugMeshMaterial.uasset" 56
"../../../Engine/Content/EngineDebugMaterials/M_SimpleUnlitTranslucent.uasset" 57
"../../../Engine/Content/EngineDebugMaterials/VolumeToRender.uasset" 58
"../../../Engine/Content/Functions/Engine_MaterialFunctions02/Utility/CameraDirectionVector.uasset" 59
"../../../Engine/Content/EngineDebugMaterials/M_VolumeRenderSphereTracePP.uasset" 60
"../../../Engine/Content/Functions/Engine_MaterialFunctions01/Shading/ConvertFromDiffSpec.uasset" 61
"../../../Engine/Content/EngineDebugMaterials/VertexColorMaterial.uasset" 62
"../../../Engine/Content/EngineDebugMaterials/WireframeMaterial.uasset" 63
"../../../Engine/Content/EngineFonts/Faces/RobotoRegular.uasset" 64
"../../../Engine/Content/EngineFonts/Faces/RobotoLight.uasset" 65
"../../../Engine/Content/EngineFonts/Faces/RobotoItalic.uasset" 66
"../../../Engine/Content/EngineFonts/Faces/RobotoBoldItalic.uasset" 67
"../../../Engine/Content/EngineFonts/Faces/RobotoBold.uasset" 68
"../../../Engine/Content/EngineFonts/Faces/DroidSansFallback.uasset" 69
"../../../Engine/Content/EngineFonts/Roboto.uasset" 70
"../../../Engine/Content/EngineMaterials/BaseFlattenEmissiveMap.uasset" 71
"../../../Engine/Content/EngineMaterials/BaseFlattenDiffuseMap.uasset" 72
"../../../Engine/Content/EngineMaterials/BaseFlattenNormalMap.uasset" 73
"../../../Engine/Content/EngineMaterials/BaseFlattenGrayscaleMap.uasset" 74
"../../../Engine/Content/EngineMaterials/BaseFlattenMaterial.uasset" 75
"../../../Engine/Content/EngineMaterials/BlueNoise.uasset" 76
"../../../Engine/Content/EngineMaterials/DefaultBloomKernel.uasset" 77
"../../../Engine/Content/EngineMaterials/DefaultBokeh.uasset" 78
"../../../Engine/Content/EngineMaterials/DefaultDiffuse.uasset" 79
"../../../Engine/Content/EngineMaterials/DefaultDeferredDecalMaterial.uasset" 80
"../../../Engine/Content/EngineMaterials/DefaultLightFunctionMaterial.uasset" 81
"../../../Engine/Content/EngineMaterials/DefaultPhysicalMaterial.uasset" 82
"../../../Engine/Content/Functions/Engine_MaterialFunctions02/Utility/BreakOutFloat2Components.uasset" 83
"../../../Engine/Content/EngineMaterials/DefaultPostProcessMaterial.uasset" 84
"../../../Engine/Content/EngineFonts/RobotoDistanceField.uasset" 85
"../../../Engine/Content/EngineMaterials/DefaultTextMaterialOpaque.uasset" 86
"../../../Engine/Content/EngineMaterials/DefaultWhiteGrid.uasset" 87
"../../../Engine/Content/EngineMaterials/DefaultWhiteGrid_Low.uasset" 88
"../../../Engine/Content/EngineMaterials/EmissiveMeshMaterial.uasset" 89
"../../../Engine/Content/EngineMaterials/GizmoMaterial.uasset" 90
"../../../Engine/Content/EngineMaterials/MiniFont.uasset" 91
"../../../Engine/Content/EngineMaterials/InvalidLightmapSettings.uasset" 92
"../../../Engine/Content/EngineMaterials/M_InvalidLightmapSettings.uasset" 93
"../../../Engine/Content/Functions/Engine_MaterialFunctions02/WorldPositionOffset/CameraOffset.uasset" 94
"../../../Engine/Content/EngineMaterials/PhAT_JointLimitMaterial.uasset" 95
"../../../Engine/Content/EngineMaterials/PreintegratedSkinBRDF.uasset" 96
"../../../Engine/Content/EngineMaterials/RemoveSurfaceMaterial.uasset" 97
"../../../Engine/Content/EngineMaterials/WeightMapPlaceholderTexture.uasset" 98
"../../../Engine/Content/EngineResources/WhiteSquareTexture.uasset" 99
"../../../Engine/Content/EngineMaterials/Widget3DPassThrough.uasset" 100
"../../../Engine/Content/EngineMaterials/Widget3DPassThrough_Masked.uasset" 101
"../../../Engine/Content/EngineMaterials/Widget3DPassThrough_Opaque.uasset" 102
"../../../Engine/Content/EngineMaterials/Widget3DPassThrough_Masked_OneSided.uasset" 103
"../../../Engine/Content/EngineMaterials/Widget3DPassThrough_Opaque_OneSided.uasset" 104
"../../../Engine/Content/EngineMaterials/Widget3DPassThrough_Translucent.uasset" 105
"../../../Engine/Content/EngineMaterials/Widget3DPassThrough_Translucent_OneSided.uasset" 106
"../../../Engine/Content/EngineMeshes/Cylinder.uasset" 107
"../../../Engine/Content/EngineMeshes/Sphere.uasset" 108
"../../../Engine/Content/EngineResources/Black.uasset" 109
"../../../Engine/Content/EngineResources/DefaultTextureCube.uasset" 110
"../../../Engine/Content/EngineResources/DefaultVolumeTexture2D.uasset" 111
"../../../Engine/Content/EngineResources/DefaultVolumeTexture.uasset" 112
"../../../Engine/Content/EngineResources/GradientTexture0.uasset" 113
"../../../Engine/Content/EngineSky/VolumetricClouds/T_NoiseShape64.uasset" 114
"../../../Engine/Content/EngineSky/VolumetricClouds/T_VolumeNoiseShape64.uasset" 115
"../../../Engine/Content/EngineSky/VolumetricClouds/T_NoiseErosion.uasset" 116
"../../../Engine/Content/EngineSky/VolumetricClouds/T_VolumeNoiseErosion32.uasset" 117
"../../../Engine/Content/EngineSky/VolumetricClouds/CloudWeatherTexture.uasset" 118
"../../../Engine/Content/EngineSky/VolumetricClouds/CloudGradientTexture.uasset" 119
"../../../Engine/Content/Functions/Engine_MaterialFunctions02/Utility/MakeFloat2.uasset" 120
"../../../Engine/Content/EngineSky/VolumetricClouds/m_SimpleVolumetricCloud.uasset" 121
"../../../Engine/Content/EngineSky/VolumetricClouds/m_SimpleVolumetricCloud_Inst.uasset" 122
"../../../Engine/Content/EngineSounds/Master.uasset" 123
"../../../Engine/Content/Functions/Engine_MaterialFunctions01/Shading/PowerToRoughness.uasset" 124
"../../../Engine/Content/Maps/Templates/Thumbnails/Default.uasset" 125
"../../../Engine/Content/Maps/Templates/Thumbnails/TimeOfDay.uasset" 126
"../../../Engine/Content/Maps/Templates/Thumbnails/VR-Basic.uasset" 127
"../../../Engine/Content/MobileResources/T_MobileControls_texture.uasset" 128
"../../../Engine/Content/MobileResources/T_MobileMenu2.uasset" 129
"../../../Engine/Content/MobileResources/HUD/AnalogHat.uasset" 130
"../../../Engine/Content/MobileResources/HUD/VirtualJoystick_Thumb.uasset" 131
"../../../Engine/Content/MobileResources/HUD/VirtualJoystick_Background.uasset" 132
"../../../Engine/Content/MobileResources/HUD/DefaultVirtualJoysticks.uasset" 133
"../../../Engine/Content/MobileResources/HUD/LeftVirtualJoystickOnly.uasset" 134
"../../../Engine/Content/MobileResources/HUD/MobileHUDButton1_off.uasset" 135
"../../../Engine/Content/MobileResources/HUD/MobileHUDButton1_on.uasset" 136
"../../../Engine/Content/MobileResources/HUD/MobileHUDButton2_off.uasset" 137
"../../../Engine/Content/MobileResources/HUD/MobileHUDButton2_on.uasset" 138
"../../../Engine/Content/MobileResources/HUD/MobileHUDButton3.uasset" 139
"../../../Engine/Content/MobileResources/HUD/MobileHUDButtonFire.uasset" 140
"../../../Engine/Content/MobileResources/HUD/MobileHUDDirectionPad.uasset" 141
"../../../Engine/Content/MobileResources/HUD/MobileHUDDirectionPad2.uasset" 142
"../../../Engine/Content/MobileResources/HUD/MobileHUDDirectionPad3.uasset" 143
"../../../Engine/Content/MobileResources/HUD/MobileHUDDirectionStick.uasset" 144
"../../../Engine/Content/MobileResources/HUD/T_Castle_ThumbstickInner.uasset" 145
"../../../Engine/Content/MobileResources/HUD/T_Castle_ThumbstickOutter.uasset" 146
"../../../Engine/Content/Tutorial/ContentIntroCurve.uasset" 147
"../../../Engine/Content/VREditor/TransformGizmo/TranslucentTransformGizmoMaterial.uasset" 148
"../../../Engine/Content/VREditor/LaserPointer/VR_LaserPower_01.uasset" 149
"../../../Engine/Content/VREditor/TransformGizmo/TransformGizmoMaterial.uasset" 150
"../../../Engine/Content/VREditor/TransformGizmo/BoundingBoxCorner.uasset" 151
"../../../Engine/Content/VREditor/TransformGizmo/BoundingBoxEdge.uasset" 152
"../../../Engine/Content/VREditor/TransformGizmo/PlaneTranslationHandle.uasset" 153
"../../../Engine/Content/VREditor/TransformGizmo/Xray.uasset" 154
"../../../Engine/Content/VREditor/TransformGizmo/Main.uasset" 155
"../../../Engine/Content/VREditor/TransformGizmo/SM_Sequencer_Key.uasset" 156
"../../../Engine/Content/VREditor/TransformGizmo/SM_Sequencer_Node.uasset" 157
"../../Plugins/2D/Paper2D/Content/PlaceholderTextures/DummySpriteTexture.uasset" 158
"../../Plugins/2D/Paper2D/Content/DummySprite.uasset" 159
"../../Plugins/2D/Paper2D/Content/DefaultPaperTerrainMaterial.uasset" 160
"../../Plugins/2D/Paper2D/Content/DefaultSpriteMaterial.uasset" 161
"../../Plugins/2D/Paper2D/Content/MaskedUnlitSpriteMaterial.uasset" 162
"../../Plugins/2D/Paper2D/Content/OpaqueUnlitSpriteMaterial.uasset" 163
"../../../Engine/Content/Functions/Engine_MaterialFunctions02/Utility/BreakOutFloat3Components.uasset" 164
"../../Plugins/Editor/SpeedTreeImporter/Content/SpeedTree9/UnpackInteger3.uasset" 165
"../../Plugins/Editor/SpeedTreeImporter/Content/SpeedTree9/UnpackDirection.uasset" 166
"../../Plugins/Editor/SpeedTreeImporter/Content/SpeedTree9/game_wind_noise.uasset" 167
"../../../Engine/Content/Functions/Engine_MaterialFunctions02/SafeNormalize.uasset" 168
"../../Plugins/Editor/SpeedTreeImporter/Content/SpeedTree9/SpeedTreeWindMotion.uasset" 169
"../../Plugins/Editor/SpeedTreeImporter/Content/SpeedTree9/SpeedTreeBranchMotion.uasset" 170
"../../../Engine/Content/Functions/Engine_MaterialFunctions02/ObjectLocalBounds.uasset" 171
"../../../Engine/Content/Functions/Engine_MaterialFunctions02/UVs/BoundingBoxBased_0-1_UVW.uasset" 172
"../../Plugins/Editor/SpeedTreeImporter/Content/SpeedTree9/SpeedTreeWind.uasset" 173
"../../Plugins/Editor/SpeedTreeImporter/Content/SpeedTree9/SpeedTreeBillboard.uasset" 174
"../../../Engine/Content/EngineResources/DefaultTexture.uasset" 175
"../../Plugins/Editor/SpeedTreeImporter/Content/SpeedTree9/SpeedTreeBillboardMaster.uasset" 176
"../../Plugins/Editor/SpeedTreeImporter/Content/SpeedTree9/SpeedTreeCameraFacing.uasset" 177
"../../Plugins/Editor/SpeedTreeImporter/Content/SpeedTree9/SpeedTreeMaster.uasset" 178
"../../../Engine/Content/ArtTools/RenderToTexture/Materials/Debug/M_Emissive_Color.uasset" 179
"../../../Engine/Content/BasicShapes/Cylinder.uasset" 180
"../../Plugins/Lumin/MagicLeapPassableWorld/Content/MagicLeapARPinInfoActor.uasset" 181
"../../../Engine/Content/Functions/Engine_MaterialFunctions02/Utility/BreakOutFloat4Components.uasset" 182
"../../../Engine/Content/Functions/Engine_MaterialFunctions02/Utility/MakeFloat3.uasset" 183
"../../Plugins/Runtime/Oculus/OculusVR/Content/Materials/OculusMR_ChromaKey.uasset" 184
"../../Plugins/Runtime/Oculus/OculusVR/Content/Materials/OculusMR_OpaqueColoredMaterial.uasset" 185
"../../Plugins/Runtime/Oculus/OculusVR/Content/Materials/PokeAHoleMaterial.uasset" 186
"../../../../../CryoVR/Vitrobot_Oculus_SOP/Content/VirtualRealityCPP/Maps/Vitrobot_Oculus_Mainlevel_Test_BuiltData.uasset" 187
"../../../../../CryoVR/Vitrobot_Oculus_SOP/Content/Test_Geometry/Test_Textures/Sounds/v9.uasset" 188
"../../../../../CryoVR/Vitrobot_Oculus_SOP/Content/Test_Geometry/Test_Textures/Sounds/v8.uasset" 189
"../../../../../CryoVR/Vitrobot_Oculus_SOP/Content/Test_Geometry/Test_Textures/Sounds/v7.uasset" 190
"../../../../../CryoVR/Vitrobot_Oculus_SOP/Content/Test_Geometry/Test_Textures/Sounds/v6.uasset" 191
"../../../../../CryoVR/Vitrobot_Oculus_SOP/Content/Test_Geometry/Test_Textures/Sounds/V50.uasset" 192
"../../../../../CryoVR/Vitrobot_Oculus_SOP/Content/Test_Geometry/Test_Textures/Sounds/v5.uasset" 193
"../../../../../CryoVR/Vitrobot_Oculus_SOP/Content/Test_Geometry/Test_Textures/Sounds/v49.uasset" 194
"../../../../../CryoVR/Vitrobot_Oculus_SOP/Content/Test_Geometry/Test_Textures/Sounds/v48.uasset" 195
"../../../../../CryoVR/Vitrobot_Oculus_SOP/Content/Test_Geometry/Test_Textures/Sounds/v47.uasset" 196
"../../../../../CryoVR/Vitrobot_Oculus_SOP/Content/Test_Geometry/Test_Textures/Sounds/V46New.uasset" 197
"../../../../../CryoVR/Vitrobot_Oculus_SOP/Content/Test_Geometry/Test_Textures/Sounds/v45.uasset" 198
"../../../../../CryoVR/Vitrobot_Oculus_SOP/Content/Test_Geometry/Test_Textures/Sounds/v442.uasset" 199
"../../../../../CryoVR/Vitrobot_Oculus_SOP/Content/Test_Geometry/Test_Textures/Sounds/v43.uasset" 200
"../../../../../CryoVR/Vitrobot_Oculus_SOP/Content/Test_Geometry/Test_Textures/Sounds/v42.uasset" 201
"../../../../../CryoVR/Vitrobot_Oculus_SOP/Content/Test_Geometry/Test_Textures/Sounds/v41.uasset" 202
"../../../../../CryoVR/Vitrobot_Oculus_SOP/Content/Test_Geometry/Test_Textures/Sounds/V40.uasset" 203
"../../../../../CryoVR/Vitrobot_Oculus_SOP/Content/Test_Geometry/Test_Textures/Sounds/v4.uasset" 204
"../../../../../CryoVR/Vitrobot_Oculus_SOP/Content/Test_Geometry/Test_Textures/Sounds/v38.uasset" 205
"../../../../../CryoVR/Vitrobot_Oculus_SOP/Content/Test_Geometry/Test_Textures/Sounds/v37.uasset" 206
"../../../../../CryoVR/Vitrobot_Oculus_SOP/Content/Test_Geometry/Test_Textures/Sounds/v34.uasset" 207
"../../../../../CryoVR/Vitrobot_Oculus_SOP/Content/Test_Geometry/Test_Textures/Sounds/v33.uasset" 208
"../../../../../CryoVR/Vitrobot_Oculus_SOP/Content/Test_Geometry/Test_Textures/Sounds/v32.uasset" 209
"../../../../../CryoVR/Vitrobot_Oculus_SOP/Content/Test_Geometry/Test_Textures/Sounds/v31.uasset" 210
"../../../../../CryoVR/Vitrobot_Oculus_SOP/Content/Test_Geometry/Test_Textures/Sounds/v30.uasset" 211
"../../../../../CryoVR/Vitrobot_Oculus_SOP/Content/Test_Geometry/Test_Textures/Sounds/v3.uasset" 212
"../../../../../CryoVR/Vitrobot_Oculus_SOP/Content/Test_Geometry/Test_Textures/Sounds/v29.uasset" 213
"../../../../../CryoVR/Vitrobot_Oculus_SOP/Content/Test_Geometry/Test_Textures/Sounds/v28.uasset" 214
"../../../../../CryoVR/Vitrobot_Oculus_SOP/Content/Test_Geometry/Test_Textures/Sounds/v27_5.uasset" 215
"../../../../../CryoVR/Vitrobot_Oculus_SOP/Content/Test_Geometry/Test_Textures/Sounds/v27.uasset" 216
"../../../../../CryoVR/Vitrobot_Oculus_SOP/Content/Test_Geometry/Test_Textures/Sounds/v26.uasset" 217
"../../../../../CryoVR/Vitrobot_Oculus_SOP/Content/Test_Geometry/Test_Textures/Sounds/v23.uasset" 218
"../../../../../CryoVR/Vitrobot_Oculus_SOP/Content/Test_Geometry/Test_Textures/Sounds/v22.uasset" 219
"../../../../../CryoVR/Vitrobot_Oculus_SOP/Content/Test_Geometry/Test_Textures/Sounds/v21.uasset" 220
"../../../../../CryoVR/Vitrobot_Oculus_SOP/Content/Test_Geometry/Test_Textures/Sounds/v20.uasset" 221
"../../../../../CryoVR/Vitrobot_Oculus_SOP/Content/Test_Geometry/Test_Textures/Sounds/v2.uasset" 222
"../../../../../CryoVR/Vitrobot_Oculus_SOP/Content/Test_Geometry/Test_Textures/Sounds/v19.uasset" 223
"../../../../../CryoVR/Vitrobot_Oculus_SOP/Content/Test_Geometry/Test_Textures/Sounds/v18.uasset" 224
"../../../../../CryoVR/Vitrobot_Oculus_SOP/Content/Test_Geometry/Test_Textures/Sounds/v16.uasset" 225
"../../../../../CryoVR/Vitrobot_Oculus_SOP/Content/Test_Geometry/Test_Textures/Sounds/v15.uasset" 226
"../../../../../CryoVR/Vitrobot_Oculus_SOP/Content/Test_Geometry/Test_Textures/Sounds/v14.uasset" 227
"../../../../../CryoVR/Vitrobot_Oculus_SOP/Content/Test_Geometry/Test_Textures/Sounds/v13.uasset" 228
"../../../../../CryoVR/Vitrobot_Oculus_SOP/Content/Test_Geometry/Test_Textures/Sounds/v12.uasset" 229
"../../../../../CryoVR/Vitrobot_Oculus_SOP/Content/Test_Geometry/Test_Textures/Sounds/v11.uasset" 230
"../../../../../CryoVR/Vitrobot_Oculus_SOP/Content/Test_Geometry/Test_Textures/Sounds/v10.uasset" 231
"../../../../../CryoVR/Vitrobot_Oculus_SOP/Content/Test_Geometry/Test_Textures/Sounds/new_v24.uasset" 232
"../../../../../CryoVR/Vitrobot_Oculus_SOP/Content/Test_Geometry/Test_Textures/Sounds/new_v17.uasset" 233
"../../../../../CryoVR/Vitrobot_Oculus_SOP/Content/Sounds/HitGroundSound.uasset" 234
"../../../../../CryoVR/Vitrobot_Oculus_SOP/Content/Models/Textures/GeneralBlack_tex.uasset" 235
"../../../../../CryoVR/Vitrobot_Oculus_SOP/Content/Models/01GeneralBlackMat.uasset" 236
"../../../../../CryoVR/Vitrobot_Oculus_SOP/Content/Test_Geometry/Test_Textures/Sounds/FinishTask.uasset" 237
"../../../../../CryoVR/Vitrobot_Oculus_SOP/Content/VirtualRealityCPP/Blueprints/Global_Arrays.uasset" 238
"../../../Engine/Content/BasicShapes/Plane.uasset" 239
"../../../Engine/Content/BasicShapes/BasicShapeMaterial.uasset" 240
"../../../../../CryoVR/Vitrobot_Oculus_SOP/Content/VirtualRealityCPP/Blueprints/BP_Inherited_from_C++/TextBoard_n_Sound.uasset" 241
"../../../../../CryoVR/Vitrobot_Oculus_SOP/Content/Test_Geometry/defaultMat.uasset" 242
"../../../../../CryoVR/Vitrobot_Oculus_SOP/Content/Test_Geometry/Side_Cover.uasset" 243
"../../../../../CryoVR/Vitrobot_Oculus_SOP/Content/Test_Geometry/NewMaterial.uasset" 244
"../../../../../CryoVR/Vitrobot_Oculus_SOP/Content/VirtualRealityBP/Blueprints/MotionControllerHaptics.uasset" 245
"../../../../../CryoVR/Vitrobot_Oculus_SOP/Content/VirtualRealityBP/Blueprints/PickupActorInterface.uasset" 246
"../../../../../CryoVR/Vitrobot_Oculus_SOP/Content/UI_Elements/Score_UI.uasset" 247
"../../../../../CryoVR/Vitrobot_Oculus_SOP/Content/VirtualRealityBP/Blueprints/MotionControllerPawn.uasset" 248
"../../../../../CryoVR/Vitrobot_Oculus_SOP/Content/Geometry/Meshes/CubeMaterial.uasset" 249
"../../../../../CryoVR/Vitrobot_Oculus_SOP/Content/Geometry/Meshes/1M_Cube.uasset" 250
"../../../Engine/Content/EditorBlueprintResources/StandardMacros.uasset" 251
"../../../../../CryoVR/Vitrobot_Oculus_SOP/Content/VirtualReality/Materials/M_BaseMaterial.uasset" 252
"../../../../../CryoVR/Vitrobot_Oculus_SOP/Content/VirtualReality/Materials/MI_SmallCubes.uasset" 253
"../../../../../CryoVR/Vitrobot_Oculus_SOP/Content/VirtualRealityBP/Blueprints/BP_PickupCube.uasset" 254
"../../../../../CryoVR/Vitrobot_Oculus_SOP/Content/Geometry/Meshes/lambert12.uasset" 255
"../../../../../CryoVR/Vitrobot_Oculus_SOP/Content/VirtualRealityBP/Blueprints/Test_Blueprint.uasset" 256
"../../../../../CryoVR/Vitrobot_Oculus_SOP/Content/VirtualReality/Meshes/SM_FatCylinder.uasset" 257
"../../../../../CryoVR/Vitrobot_Oculus_SOP/Content/VirtualReality/Meshes/BeamMesh.uasset" 258
"../../../../../CryoVR/Vitrobot_Oculus_SOP/Content/VirtualReality/Meshes/BeaconDirection.uasset" 259
"../../../../../CryoVR/Vitrobot_Oculus_SOP/Content/VirtualReality/Meshes/1x1_cube.uasset" 260
"../../../Engine/Content/EngineMaterials/Good64x64TilingNoiseHighFreq.uasset" 261
"../../../../../CryoVR/Vitrobot_Oculus_SOP/Content/VirtualReality/Materials/TeleportMCP.uasset" 262
"../../../Engine/Content/Functions/Engine_MaterialFunctions02/ScreenResolution.uasset" 263
"../../../Engine/Content/Functions/Engine_MaterialFunctions01/Texturing/ScaleUVsByCenter.uasset" 264
"../../../Engine/Content/Functions/Engine_MaterialFunctions02/Texturing/ScreenAlignedUVs.uasset" 265
"../../../Engine/Content/Functions/Engine_MaterialFunctions02/Utility/DepthFromWorldPosition.uasset" 266
"../../../../../CryoVR/Vitrobot_Oculus_SOP/Content/VirtualReality/Materials/MF_OccludedPixels.uasset" 267
"../../../../../CryoVR/Vitrobot_Oculus_SOP/Content/VirtualReality/Materials/M_SplineArcMat.uasset" 268
"../../../../../CryoVR/Vitrobot_Oculus_SOP/Content/VirtualReality/Materials/M_ArcEndpoint.uasset" 269
"../../../../../CryoVR/Vitrobot_Oculus_SOP/Content/VirtualReality/Materials/M_TeleportPreviews.uasset" 270
"../../../../../CryoVR/Vitrobot_Oculus_SOP/Content/VirtualReality/Materials/MI_TeleportCylinderPreview.uasset" 271
"../../../../../CryoVR/Vitrobot_Oculus_SOP/Content/VirtualReality/Materials/MI_ChaperoneOutline.uasset" 272
"../../../../../CryoVR/Vitrobot_Oculus_SOP/Content/VR_Hands/Meshes/VRHand_Right_PhysicsAsset.uasset" 273
"../../../../../CryoVR/Vitrobot_Oculus_SOP/Content/VR_Hands/Textures/SSS/T_Hand_SSS.uasset" 274
"../../../../../CryoVR/Vitrobot_Oculus_SOP/Content/VirtualReality/Mannequin/Character/Textures/T_StylizedManHand_ORM.uasset" 275
"../../../../../CryoVR/Vitrobot_Oculus_SOP/Content/VirtualReality/Mannequin/Character/Textures/T_StylizedManHand_BC.uasset" 276
"../../../../../CryoVR/Vitrobot_Oculus_SOP/Content/VR_Hands/Textures/T_Example_N.uasset" 277
"../../../../../CryoVR/Vitrobot_Oculus_SOP/Content/VR_Hands/Textures/T_Example_BC.uasset" 278
"../../../../../CryoVR/Vitrobot_Oculus_SOP/Content/VR_Hands/Materials/Shaders/M_Master.uasset" 279
"../../../../../CryoVR/Vitrobot_Oculus_SOP/Content/VirtualReality/Mannequin/Character/Materials/MI_StylizedManHand.uasset" 280
"../../../../../CryoVR/Vitrobot_Oculus_SOP/Content/VirtualReality/Mannequin/Character/Mesh/MannequinHand_Right_Skeleton.uasset" 281
"../../../../../CryoVR/Vitrobot_Oculus_SOP/Content/VirtualReality/Mannequin/Character/Mesh/StylizedManHand_Right.uasset" 282
"../../../../../CryoVR/Vitrobot_Oculus_SOP/Content/VirtualRealityBP/Blueprints/GripEnum.uasset" 283
"../../../../../CryoVR/Vitrobot_Oculus_SOP/Content/VirtualReality/Mannequin/Animations/PointAnimation.uasset" 284
"../../../../../CryoVR/Vitrobot_Oculus_SOP/Content/VirtualReality/Mannequin/Animations/PickupTinyAnimation.uasset" 285
"../../../../../CryoVR/Vitrobot_Oculus_SOP/Content/VirtualReality/Mannequin/Animations/MannequinHand_Right_Open.uasset" 286
"../../../../../CryoVR/Vitrobot_Oculus_SOP/Content/VirtualReality/Mannequin/Animations/MannequinHand_Right_GrabPipet.uasset" 287
"../../../../../CryoVR/Vitrobot_Oculus_SOP/Content/VirtualReality/Mannequin/Animations/MannequinHand_Right_Grab.uasset" 288
"../../../../../CryoVR/Vitrobot_Oculus_SOP/Content/VirtualReality/Mannequin/Animations/MannequinHand_Right_CanGrab.uasset" 289
"../../../../../CryoVR/Vitrobot_Oculus_SOP/Content/VirtualReality/Mannequin/Animations/RightHandGesture_BS.uasset" 290
"../../../../../CryoVR/Vitrobot_Oculus_SOP/Content/VirtualReality/Mannequin/Animations/RightGrip_BS.uasset" 291
"../../../../../CryoVR/Vitrobot_Oculus_SOP/Content/VirtualReality/Mannequin/Animations/RightHand_AnimBP.uasset" 292
"../../../../../CryoVR/Vitrobot_Oculus_SOP/Content/UI_Elements/HandUI/UI_Hand.uasset" 293
"../../../../../CryoVR/Vitrobot_Oculus_SOP/Content/UI_Elements/HandUI/ControllerUIMat.uasset" 294
"../../../../../CryoVR/Vitrobot_Oculus_SOP/Content/UI_Elements/HandUI/HandUIMesh.uasset" 295
"../../../../../CryoVR/Vitrobot_Oculus_SOP/Content/UI_Elements/HandUI/ControllerUIMatRed_Inst.uasset" 296
"../../../../../CryoVR/Vitrobot_Oculus_SOP/Content/UI_Elements/HandUI/ControllerUIMatGreen_Inst.uasset" 297
"../../../../../CryoVR/Vitrobot_Oculus_SOP/Content/Sounds/BeepSound.uasset" 298
"../../../Engine/Content/BasicShapes/Sphere.uasset" 299
"../../../../../CryoVR/Vitrobot_Oculus_SOP/Content/VirtualRealityBP/Blueprints/BP_MotionController.uasset" 300
"../../../../../CryoVR/Vitrobot_Oculus_SOP/Content/VirtualRealityCPP/Blueprints/BP_Inherited_from_C++/SideCoverActor.uasset" 301
"../../../../../CryoVR/Vitrobot_Oculus_SOP/Content/Models/Textures/WaterDropTex.uasset" 302
"../../../../../CryoVR/Vitrobot_Oculus_SOP/Content/Models/Textures/CloudTex.uasset" 303
"../../../../../CryoVR/Vitrobot_Oculus_SOP/Content/Models/01M_Glass.uasset" 304
"../../../../../CryoVR/Vitrobot_Oculus_SOP/Content/Models/01GridHolderMat_Inst.uasset" 305
"../../../../../CryoVR/Vitrobot_Oculus_SOP/Content/Models/GridHolderUMesh.uasset" 306
"../../../../../CryoVR/Vitrobot_Oculus_SOP/Content/Models/01GeneralWhiteMat.uasset" 307
"../../../../../CryoVR/Vitrobot_Oculus_SOP/Content/Models/GridHolderDMesh.uasset" 308
"../../../../../CryoVR/Vitrobot_Oculus_SOP/Content/Models/Textures/WorkstationOpacityTex.uasset" 309
"../../../../../CryoVR/Vitrobot_Oculus_SOP/Content/Models/Textures/T_MacroVariation.uasset" 310
"../../../../../CryoVR/Vitrobot_Oculus_SOP/Content/Models/01M_Metal_Chrome.uasset" 311
"../../../../../CryoVR/Vitrobot_Oculus_SOP/Content/Models/Tweezer_gridMat_inst.uasset" 312
"../../../../../CryoVR/Vitrobot_Oculus_SOP/Content/Models/Tweezer_Grid.uasset" 313
"../../../../../CryoVR/Vitrobot_Oculus_SOP/Content/VirtualRealityCPP/Blueprints/BP_Inherited_from_C++/PetridishActor.uasset" 314
"../../../../../CryoVR/Vitrobot_Oculus_SOP/Content/Test_Geometry/Test_Textures/Textures/pen_1001_OcclusionRoughnessMetallic.uasset" 315
"../../../../../CryoVR/Vitrobot_Oculus_SOP/Content/Test_Geometry/Test_Textures/Textures/pen_1001_Normal.uasset" 316
"../../../../../CryoVR/Vitrobot_Oculus_SOP/Content/Test_Geometry/Test_Textures/Textures/pen_1001_BaseColor.uasset" 317
"../../../../../CryoVR/Vitrobot_Oculus_SOP/Content/Test_Geometry/Test_Textures/Pen.uasset" 318
"../../../../../CryoVR/Vitrobot_Oculus_SOP/Content/Test_Geometry/Test_Textures/Stylus.uasset" 319
"../../../../../CryoVR/Vitrobot_Oculus_SOP/Content/VirtualRealityCPP/Blueprints/MouseSensitivity.uasset" 320
"../../../../../CryoVR/Vitrobot_Oculus_SOP/Content/VirtualReality/VR_Hands/Textures/T_StylizedWomanHand_TX.uasset" 321
"../../../../../CryoVR/Vitrobot_Oculus_SOP/Content/VirtualReality/VR_Hands/Textures/T_StylizedWomanHand_ORM.uasset" 322
"../../../../../CryoVR/Vitrobot_Oculus_SOP/Content/VirtualReality/VR_Hands/Textures/SSS/T_Hand_SSS.uasset" 323
"../../../../../CryoVR/Vitrobot_Oculus_SOP/Content/VirtualReality/VR_Hands/Textures/T_Example_N.uasset" 324
"../../../../../CryoVR/Vitrobot_Oculus_SOP/Content/VirtualReality/VR_Hands/Textures/T_Example_BC.uasset" 325
"../../../../../CryoVR/Vitrobot_Oculus_SOP/Content/VirtualReality/VR_Hands/Materials/Shaders/M_Master.uasset" 326
"../../../../../CryoVR/Vitrobot_Oculus_SOP/Content/VirtualReality/VR_Hands/Materials/MI_StylizedWomanHand.uasset" 327
"../../../../../CryoVR/Vitrobot_Oculus_SOP/Content/VirtualReality/Mannequin/Character/Mesh/MannequinHand_Right_PhysicsAsset.uasset" 328
"../../../../../CryoVR/Vitrobot_Oculus_SOP/Content/VirtualReality/VR_Hands/Meshes/StylizedWomanHand_Right.uasset" 329
"../../../../../CryoVR/Vitrobot_Oculus_SOP/Content/VirtualReality/Mannequin/Character/Textures/T_StylizedManHand_TX.uasset" 330
"../../../../../CryoVR/Vitrobot_Oculus_SOP/Content/VirtualReality/Mannequin/Character/Materials/MI_StylizedManHand_Inst.uasset" 331
"../../../../../CryoVR/Vitrobot_Oculus_SOP/Content/VirtualRealityCPP/Blueprints/HandFollow.uasset" 332
"../../../../../CryoVR/Vitrobot_Oculus_SOP/Content/FirstPersonContent/FirstPersonBP/Blueprints/FirstPersonCharacter.uasset" 333
"../../../../../CryoVR/Vitrobot_Oculus_SOP/Content/VirtualRealityCPP/Blueprints/BP_Inherited_from_C++/PenActor.uasset" 334
"../../../../../CryoVR/Vitrobot_Oculus_SOP/Content/Sounds/decompress.uasset" 335
"../../../../../CryoVR/Vitrobot_Oculus_SOP/Content/Models/01M_Glass_Inst2.uasset" 336
"../../../../../CryoVR/Vitrobot_Oculus_SOP/Content/Models/01M_EppendorfMat.uasset" 337
"../../../../../CryoVR/Vitrobot_Oculus_SOP/Content/Models/EthaneTip.uasset" 338
"../../../../../CryoVR/Vitrobot_Oculus_SOP/Content/Models/EthaneTank_YellowMetalMat.uasset" 339
"../../../../../CryoVR/Vitrobot_Oculus_SOP/Content/Models/Textures/AirTanktex_01.uasset" 340
"../../../../../CryoVR/Vitrobot_Oculus_SOP/Content/Models/Textures/AirTanktex.uasset" 341
"../../../../../CryoVR/Vitrobot_Oculus_SOP/Content/Models/Textures/AirTanktexMask.uasset" 342
"../../../../../CryoVR/Vitrobot_Oculus_SOP/Content/Models/EthaneTank_MainMat.uasset" 343
"../../../../../CryoVR/Vitrobot_Oculus_SOP/Content/Models/AirTank_MainMat_Inst.uasset" 344
"../../../../../CryoVR/Vitrobot_Oculus_SOP/Content/Models/EthaneTank.uasset" 345
"../../../../../CryoVR/Vitrobot_Oculus_SOP/Content/Models/lambert4SG1.uasset" 346
"../../../../../CryoVR/Vitrobot_Oculus_SOP/Content/Models/EthanePointer.uasset" 347
"../../../../../CryoVR/Vitrobot_Oculus_SOP/Content/Models/EthaneKnob_02.uasset" 348
"../../../../../CryoVR/Vitrobot_Oculus_SOP/Content/Models/EthaneKnob.uasset" 349
"../../../../../CryoVR/Vitrobot_Oculus_SOP/Content/Geometry/Meshes/EthaneTip.uasset" 350
"../../../../../CryoVR/Vitrobot_Oculus_SOP/Content/VirtualRealityCPP/Blueprints/BP_Inherited_from_C++/EthaneTankActor.uasset" 351
"../../../../../CryoVR/Vitrobot_Oculus_SOP/Content/Test_Geometry/Test_Textures/tube_1001_OcclusionRoughnessMetallic.uasset" 352
"../../../../../CryoVR/Vitrobot_Oculus_SOP/Content/Test_Geometry/Test_Textures/tube_1001_Normal.uasset" 353
"../../../../../CryoVR/Vitrobot_Oculus_SOP/Content/Test_Geometry/Test_Textures/tube_1001_BaseColor.uasset" 354
"../../../../../CryoVR/Vitrobot_Oculus_SOP/Content/Test_Geometry/Test_Textures/Tube_M.uasset" 355
"../../../../../CryoVR/Vitrobot_Oculus_SOP/Content/Particles/WaterDrop.uasset" 356
"../../../../../CryoVR/Vitrobot_Oculus_SOP/Content/Particles/WaterParticleMat.uasset" 357
"../../../../../CryoVR/Vitrobot_Oculus_SOP/Content/Particles/WaterParticleMat_Inst.uasset" 358
"../../../../../CryoVR/Vitrobot_Oculus_SOP/Content/Particles/EthaneSplash_P.uasset" 359
"../../../../../CryoVR/Vitrobot_Oculus_SOP/Content/VirtualRealityCPP/Blueprints/BP_Inherited_from_C++/EthaneTipActor.uasset" 360
"../../../../../CryoVR/Vitrobot_Oculus_SOP/Content/Models/NitrogenTankCapMesh.uasset" 361
"../../../../../CryoVR/Vitrobot_Oculus_SOP/Content/VirtualRealityCPP/Blueprints/BP_Inherited_from_C++/DewarCapActor.uasset" 362
"../../../../../CryoVR/Vitrobot_Oculus_SOP/Content/Models/Textures/metal_bareTex.uasset" 363
"../../../../../CryoVR/Vitrobot_Oculus_SOP/Content/Models/DewarMat.uasset" 364
"../../../../../CryoVR/Vitrobot_Oculus_SOP/Content/Models/DewarMesh.uasset" 365
"../../../../../CryoVR/Vitrobot_Oculus_SOP/Content/Particles/WaterSplash_Tex.uasset" 366
"../../../../../CryoVR/Vitrobot_Oculus_SOP/Content/Particles/WaterSplashMat.uasset" 367
"../../../../../CryoVR/Vitrobot_Oculus_SOP/Content/Particles/WaterSplash_P.uasset" 368
"../../../../../CryoVR/Vitrobot_Oculus_SOP/Content/VirtualRealityCPP/Blueprints/BP_Inherited_from_C++/DewarActor.uasset" 369
"../../../../../CryoVR/Vitrobot_Oculus_SOP/Content/Test_Geometry/Test_Textures/defaultMat.uasset" 370
"../../../../../CryoVR/Vitrobot_Oculus_SOP/Content/Test_Geometry/Test_Textures/Grid_Dewar_Cover.uasset" 371
"../../../../../CryoVR/Vitrobot_Oculus_SOP/Content/Material5.uasset" 372
"../../../../../CryoVR/Vitrobot_Oculus_SOP/Content/VirtualRealityCPP/Blueprints/BP_Inherited_from_C++/GridDewarCoverActor.uasset" 373
"../../../../../CryoVR/Vitrobot_Oculus_SOP/Content/Test_Geometry/Test_Textures/Grid_Dewar_Cap.uasset" 374
"../../../../../CryoVR/Vitrobot_Oculus_SOP/Content/Test_Geometry/Test_Textures/Grid_Dewar.uasset" 375
"../../../../../CryoVR/Vitrobot_Oculus_SOP/Content/VirtualRealityCPP/Blueprints/BP_Inherited_from_C++/GridDewarActor.uasset" 376
"../../../../../CryoVR/Vitrobot_Oculus_SOP/Content/Test_Geometry/Test_Textures/Grid_Metal_Tube.uasset" 377
"../../../../../CryoVR/Vitrobot_Oculus_SOP/Content/VirtualRealityCPP/Blueprints/BP_Inherited_from_C++/GridMetalTubeActor.uasset" 378
"../../../../../CryoVR/Vitrobot_Oculus_SOP/Content/Test_Geometry/FreezeDewar.uasset" 379
"../../../../../CryoVR/Vitrobot_Oculus_SOP/Content/VirtualRealityCPP/Blueprints/BP_Inherited_from_C++/FreezingDewarActor.uasset" 380
"../../../../../CryoVR/Vitrobot_Oculus_SOP/Content/Test_Geometry/Test_Textures/Grid_Tube.uasset" 381
"../../../../../CryoVR/Vitrobot_Oculus_SOP/Content/Test_Geometry/Body_Black_Texture1SG.uasset" 382
"../../../../../CryoVR/Vitrobot_Oculus_SOP/Content/Test_Geometry/Test_Textures/pasted__phong2.uasset" 383
"../../../../../CryoVR/Vitrobot_Oculus_SOP/Content/Test_Geometry/Test_Textures/pasted__blinn2.uasset" 384
"../../../../../CryoVR/Vitrobot_Oculus_SOP/Content/Test_Geometry/Test_Textures/pasted__blinn1.uasset" 385
"../../../../../CryoVR/Vitrobot_Oculus_SOP/Content/Test_Geometry/Test_Textures/lambert1.uasset" 386
"../../../../../CryoVR/Vitrobot_Oculus_SOP/Content/Test_Geometry/Test_Textures/aiStandardSurface1.uasset" 387
"../../../../../CryoVR/Vitrobot_Oculus_SOP/Content/Test_Geometry/Test_Textures/gridbox.uasset" 388
"../../../../../CryoVR/Vitrobot_Oculus_SOP/Content/VirtualRealityCPP/Blueprints/BP_Inherited_from_C++/GridTubeActor.uasset" 389
"../../../../../CryoVR/Vitrobot_Oculus_SOP/Content/Models/Textures/TweezerSpongeTex.uasset" 390
"../../../../../CryoVR/Vitrobot_Oculus_SOP/Content/Models/SpongeTweezerMat.uasset" 391
"../../../../../CryoVR/Vitrobot_Oculus_SOP/Content/Models/Tweezer.uasset" 392
"../../../../../CryoVR/Vitrobot_Oculus_SOP/Content/VirtualRealityCPP/Blueprints/BP_Inherited_from_C++/GridboxTweezerActor.uasset" 393
"../../../../../CryoVR/Vitrobot_Oculus_SOP/Content/VirtualReality/Blueprint/WorkstationTrigger.uasset" 394
"../../../../../CryoVR/Vitrobot_Oculus_SOP/Content/UI/Tempreture_UI.uasset" 395
"../../../../../CryoVR/Vitrobot_Oculus_SOP/Content/Test_Geometry/labcoat_labcoat_BaseColor.uasset" 396
"../../../../../CryoVR/Vitrobot_Oculus_SOP/Content/UI/Ethane_UI.uasset" 397
"../../../../../CryoVR/Vitrobot_Oculus_SOP/Content/Test_Geometry/Temp/M_V_WorkStation.uasset" 398
"../../../../../CryoVR/Vitrobot_Oculus_SOP/Content/Test_Geometry/Temp/Vitrobot_WorkStation.uasset" 399
"../../../../../CryoVR/Vitrobot_Oculus_SOP/Content/Test_Geometry/Test_Textures/Textures/Vitrobot_M_V_WorkStation_OcclusionRoughnessMetallic.uasset" 400
"../../../../../CryoVR/Vitrobot_Oculus_SOP/Content/Test_Geometry/Test_Textures/Textures/Vitrobot_M_V_WorkStation_BaseColor.uasset" 401
"../../../../../CryoVR/Vitrobot_Oculus_SOP/Content/Test_Geometry/Test_Textures/M_V_WorkStation.uasset" 402
"../../../../../CryoVR/Vitrobot_Oculus_SOP/Content/Test_Geometry/Water.uasset" 403
"../../../../../CryoVR/Vitrobot_Oculus_SOP/Content/StarterContent/Materials/M_Basic_Wall.uasset" 404
"../../../../../CryoVR/Vitrobot_Oculus_SOP/Content/StarterContent/Shapes/Shape_Cylinder.uasset" 405
"../../../../../CryoVR/Vitrobot_Oculus_SOP/Content/Materials/MM_Ghost_Breath.uasset" 406
"../../../../../CryoVR/Vitrobot_Oculus_SOP/Content/Materials/MI_Ghost_Breath.uasset" 407
"../../../../../CryoVR/Vitrobot_Oculus_SOP/Content/Test_Geometry/Test_Textures/Textures/Vitrobot_M_V_WorkStation_2_OcclusionRoughnessMetallic.uasset" 408
"../../../../../CryoVR/Vitrobot_Oculus_SOP/Content/Test_Geometry/Test_Textures/Textures/Vitrobot_M_V_WorkStation_2_BaseColor.uasset" 409
"../../../../../CryoVR/Vitrobot_Oculus_SOP/Content/Test_Geometry/Test_Textures/M_V_WorkStation_2.uasset" 410
"../../../../../CryoVR/Vitrobot_Oculus_SOP/Content/Test_Geometry/Test_Textures/vitrobot_m_WorkStation_P2.uasset" 411
"../../../../../CryoVR/Vitrobot_Oculus_SOP/Content/Test_Geometry/Test_Textures/Textures/Vitrobot_M_V_WorkStation_1_OcclusionRoughnessMetallic.uasset" 412
"../../../../../CryoVR/Vitrobot_Oculus_SOP/Content/Test_Geometry/Test_Textures/Textures/Vitrobot_M_V_WorkStation_1_BaseColor.uasset" 413
"../../../../../CryoVR/Vitrobot_Oculus_SOP/Content/Test_Geometry/Test_Textures/M_V_WorkStation_1.uasset" 414
"../../../../../CryoVR/Vitrobot_Oculus_SOP/Content/Test_Geometry/Test_Textures/vitrobot_m_WorkStation_P1.uasset" 415
"../../../../../CryoVR/Vitrobot_Oculus_SOP/Content/Test_Geometry/Test_Textures/Textures/Vitrobot_M_V_WorkStation_P0_OcclusionRoughnessMetallic.uasset" 416
"../../../../../CryoVR/Vitrobot_Oculus_SOP/Content/Test_Geometry/Test_Textures/Textures/Vitrobot_M_V_WorkStation_P0_BaseColor.uasset" 417
"../../../../../CryoVR/Vitrobot_Oculus_SOP/Content/Test_Geometry/Test_Textures/M_V_WorkStation_P0.uasset" 418
"../../../../../CryoVR/Vitrobot_Oculus_SOP/Content/Test_Geometry/Test_Textures/vitrobot_m_WorkStation_P0.uasset" 419
"../../../../../CryoVR/Vitrobot_Oculus_SOP/Content/lambert1.uasset" 420
"../../../../../CryoVR/Vitrobot_Oculus_SOP/Content/1.uasset" 421
"../../../../../CryoVR/Vitrobot_Oculus_SOP/Content/1_out.uasset" 422
"../../../../../CryoVR/Vitrobot_Oculus_SOP/Content/1_in.uasset" 423
"../../../../../CryoVR/Vitrobot_Oculus_SOP/Content/VirtualRealityCPP/Blueprints/BP_Inherited_from_C++/AssembleGridBoxTweezer.uasset" 424
"../../../../../CryoVR/Vitrobot_Oculus_SOP/Content/VirtualRealityCPP/Blueprints/BP_Inherited_from_C++/WorkstationActor.uasset" 425
"../../../../../CryoVR/Vitrobot_Oculus_SOP/Content/Test_Geometry/Test_Textures/Sounds/Workstation_GD.uasset" 426
"../../../../../CryoVR/Vitrobot_Oculus_SOP/Content/Test_Geometry/Test_Textures/Textures/Vitrobot_M_V_Holder_OcclusionRoughnessMetallic.uasset" 427
"../../../../../CryoVR/Vitrobot_Oculus_SOP/Content/Test_Geometry/Test_Textures/Textures/Vitrobot_M_V_Holder_BaseColor.uasset" 428
"../../../../../CryoVR/Vitrobot_Oculus_SOP/Content/Test_Geometry/Test_Textures/M_V_Holder.uasset" 429
"../../../../../CryoVR/Vitrobot_Oculus_SOP/Content/Test_Geometry/Test_Textures/Holder.uasset" 430
"../../../../../CryoVR/Vitrobot_Oculus_SOP/Content/Test_Geometry/Test_Textures/Textures/Vitrobot_M_V_Door_OcclusionRoughnessMetallic.uasset" 431
"../../../../../CryoVR/Vitrobot_Oculus_SOP/Content/Test_Geometry/Test_Textures/Textures/Vitrobot_M_V_Door_BaseColor.uasset" 432
"../../../../../CryoVR/Vitrobot_Oculus_SOP/Content/Test_Geometry/Test_Textures/M_V_Door.uasset" 433
"../../../../../CryoVR/Vitrobot_Oculus_SOP/Content/Test_Geometry/Test_Textures/Textures/Microscope_M_Glass_OcclusionRoughnessMetallic.uasset" 434
"../../../../../CryoVR/Vitrobot_Oculus_SOP/Content/Test_Geometry/Test_Textures/Textures/Microscope_M_Glass_BaseColor.uasset" 435
"../../../../../CryoVR/Vitrobot_Oculus_SOP/Content/Test_Geometry/Test_Textures/M_Glass.uasset" 436
"../../../../../CryoVR/Vitrobot_Oculus_SOP/Content/Test_Geometry/Test_Textures/Door.uasset" 437
"../../../../../CryoVR/Vitrobot_Oculus_SOP/Content/Test_Geometry/Test_Textures/M_V_BottomCover.uasset" 438
"../../../../../CryoVR/Vitrobot_Oculus_SOP/Content/Test_Geometry/Test_Textures/BottomCover.uasset" 439
"../../../../../CryoVR/Vitrobot_Oculus_SOP/Content/Test_Geometry/Test_Textures/blotter_up.uasset" 440
"../../../../../CryoVR/Vitrobot_Oculus_SOP/Content/Test_Geometry/Test_Textures/blotter_down.uasset" 441
"../../../../../CryoVR/Vitrobot_Oculus_SOP/Content/Test_Geometry/Test_Textures/Sounds/PlungerSound.uasset" 442
"../../../../../CryoVR/Vitrobot_Oculus_SOP/Content/Test_Geometry/Test_Textures/Sounds/blotter.uasset" 443
"../../../../../CryoVR/Vitrobot_Oculus_SOP/Content/Test_Geometry/Test_Textures/Textures/Vitrobot_M_V_WorkStation_Holder_OcclusionRoughnessMetallic.uasset" 444
"../../../../../CryoVR/Vitrobot_Oculus_SOP/Content/Test_Geometry/Test_Textures/Textures/Vitrobot_M_V_WorkStation_Holder_BaseColor.uasset" 445
"../../../../../CryoVR/Vitrobot_Oculus_SOP/Content/Test_Geometry/Test_Textures/M_V_WorkStation_Holder.uasset" 446
"../../../../../CryoVR/Vitrobot_Oculus_SOP/Content/Test_Geometry/Test_Textures/vitrobot_m_WorkStation_Holder.uasset" 447
"../../../../../CryoVR/Vitrobot_Oculus_SOP/Content/Test_Geometry/Test_Textures/Textures/Vitrobot_M_V_Plunger_OcclusionRoughnessMetallic.uasset" 448
"../../../../../CryoVR/Vitrobot_Oculus_SOP/Content/Test_Geometry/Test_Textures/Textures/Vitrobot_M_V_Plunger_BaseColor.uasset" 449
"../../../../../CryoVR/Vitrobot_Oculus_SOP/Content/Test_Geometry/Test_Textures/M_V_Plunger.uasset" 450
"../../../../../CryoVR/Vitrobot_Oculus_SOP/Content/Test_Geometry/Test_Textures/Plunger.uasset" 451
"../../../../../CryoVR/Vitrobot_Oculus_SOP/Content/Test_Geometry/Test_Textures/Textures/Screen_Shot_1.uasset" 452
"../../../../../CryoVR/Vitrobot_Oculus_SOP/Content/Test_Geometry/Screen_Shot_1.uasset" 453
"../../../../../CryoVR/Vitrobot_Oculus_SOP/Content/StarterContent/Shapes/Shape_Plane.uasset" 454
"../../../../../CryoVR/Vitrobot_Oculus_SOP/Content/Test_Geometry/01M_Glass1.uasset" 455
"../../../../../CryoVR/Vitrobot_Oculus_SOP/Content/Sop_mat/Vitrobot_machine/M_V_Screen.uasset" 456
"../../../../../CryoVR/Vitrobot_Oculus_SOP/Content/Sop_mat/Vitrobot_machine/vitrobot_m_withL_M_V_Vitrobot_BaseColor.uasset" 457
"../../../../../CryoVR/Vitrobot_Oculus_SOP/Content/Sop_mat/Vitrobot_machine/M_V_Vitrobot.uasset" 458
"../../../../../CryoVR/Vitrobot_Oculus_SOP/Content/Sop_mat/Vitrobot_machine/humidifier.uasset" 459
"../../../../../CryoVR/Vitrobot_Oculus_SOP/Content/Sop_mat/Vitrobot_machine/new_vitrobot_without_lid.uasset" 460
"../../../../../CryoVR/Vitrobot_Oculus_SOP/Content/VirtualRealityCPP/Blueprints/BP_Inherited_from_C++/VitrobotActor.uasset" 461
"../../../../../CryoVR/Vitrobot_Oculus_SOP/Content/Test_Geometry/Test_Textures/Textures/Vitrobot_M_V_Tweezer_OcclusionRoughnessMetallic.uasset" 462
"../../../../../CryoVR/Vitrobot_Oculus_SOP/Content/Test_Geometry/Test_Textures/Textures/Vitrobot_M_V_Tweezer_BaseColor.uasset" 463
"../../../../../CryoVR/Vitrobot_Oculus_SOP/Content/Test_Geometry/Test_Textures/M_V_Tweezer.uasset" 464
"../../../../../CryoVR/Vitrobot_Oculus_SOP/Content/Test_Geometry/Test_Textures/Tweezer.uasset" 465
"../../../../../CryoVR/Vitrobot_Oculus_SOP/Content/VirtualRealityCPP/Blueprints/BP_Inherited_from_C++/TweezerActor.uasset" 466
"../../../../../CryoVR/Vitrobot_Oculus_SOP/Content/Models/SampleHolder.uasset" 467
"../../../../../CryoVR/Vitrobot_Oculus_SOP/Content/VirtualRealityCPP/Blueprints/BP_Inherited_from_C++/SampleTubeActor.uasset" 468
"../../../../../CryoVR/Vitrobot_Oculus_SOP/Content/Models/Pipet_KnobMat.uasset" 469
"../../../../../CryoVR/Vitrobot_Oculus_SOP/Content/Models/Pipet_body02Mat.uasset" 470
"../../../../../CryoVR/Vitrobot_Oculus_SOP/Content/Models/Pipet_body01Mat.uasset" 471
"../../../../../CryoVR/Vitrobot_Oculus_SOP/Content/Models/Pipet_attachmentMat.uasset" 472
"../../../../../CryoVR/Vitrobot_Oculus_SOP/Content/Models/Pipet.uasset" 473
"../../../../../CryoVR/Vitrobot_Oculus_SOP/Content/Models/IlluMat.uasset" 474
"../../../../../CryoVR/Vitrobot_Oculus_SOP/Content/Material10.uasset" 475
"../../../../../CryoVR/Vitrobot_Oculus_SOP/Content/VirtualRealityCPP/Blueprints/BP_Inherited_from_C++/PipetteActor.uasset" 476
"../../../../../CryoVR/Vitrobot_Oculus_SOP/Content/UI/TutorialUI/CP3_UI_RotateArrowMesh.uasset" 477
"../../../../../CryoVR/Vitrobot_Oculus_SOP/Content/UI/TutorialUI/arrow.uasset" 478
"../../../../../CryoVR/Vitrobot_Oculus_SOP/Content/UI/TutorialUI/CP3_UI_RArrowMat.uasset" 479
"../../../../../CryoVR/Vitrobot_Oculus_SOP/Content/UI/TutorialUI/UI_RotateArrow_BP.uasset" 480
"../../../../../CryoVR/Vitrobot_Oculus_SOP/Content/UI/TutorialUI/CP3_UI_ForwardArrowMesh.uasset" 481
"../../../../../CryoVR/Vitrobot_Oculus_SOP/Content/UI/TutorialUI/CP3_UI_FArrowMat.uasset" 482
"../../../../../CryoVR/Vitrobot_Oculus_SOP/Content/UI/TutorialUI/UI_FowardArrow_BP.uasset" 483
"../../../../../CryoVR/Vitrobot_Oculus_SOP/Content/StarterContent/Textures/NewMaterial.uasset" 484
"../../../../../CryoVR/Vitrobot_Oculus_SOP/Content/VirtualRealityCPP/Blueprints/Indication_Button.uasset" 485
"../../../../../CryoVR/Vitrobot_Oculus_SOP/Content/Models/lambert8.uasset" 486
"../../../../../CryoVR/Vitrobot_Oculus_SOP/Content/Models/lambert1.uasset" 487
"../../../../../CryoVR/Vitrobot_Oculus_SOP/Content/Models/cart_Wheels.uasset" 488
"../../../../../CryoVR/Vitrobot_Oculus_SOP/Content/VirtualRealityCPP/cart_Wheels_Blueprint.uasset" 489
"../../../../../CryoVR/Vitrobot_Oculus_SOP/Content/VirtualRealityBP/SaveGame/MySaveGame.uasset" 490
"../../../../../CryoVR/Vitrobot_Oculus_SOP/Content/StarterContent/Textures/T_MacroVariation.uasset" 491
"../../../../../CryoVR/Vitrobot_Oculus_SOP/Content/StarterContent/Textures/T_Wood_Oak_N.uasset" 492
"../../../../../CryoVR/Vitrobot_Oculus_SOP/Content/StarterContent/Textures/T_Wood_Oak_D.uasset" 493
"../../../../../CryoVR/Vitrobot_Oculus_SOP/Content/StarterContent/Materials/M_Wood_Oak.uasset" 494
"../../../../../CryoVR/Vitrobot_Oculus_SOP/Content/Models/RoomCeilingMat.uasset" 495
"../../../../../CryoVR/Vitrobot_Oculus_SOP/Content/Models/FloorMesh.uasset" 496
"../../../../../CryoVR/Vitrobot_Oculus_SOP/Content/VirtualRealityBP/Blueprints/Floor_Blueprint.uasset" 497
"../../../../../CryoVR/Vitrobot_Oculus_SOP/Content/VirtualRealityCPP/Blueprints/BP_Inherited_from_C++/PetridishCoverActor.uasset" 498
"../../../../../CryoVR/Vitrobot_Oculus_SOP/Content/VirtualRealityCPP/Blueprints/BP_Inherited_from_C++/CleanTweezer.uasset" 499
"../../../../../CryoVR/Vitrobot_Oculus_SOP/Content/VirtualRealityCPP/Blueprints/BP_Inherited_from_C++/CleanPipette.uasset" 500
"../../../../../CryoVR/Vitrobot_Oculus_SOP/Content/VirtualRealityCPP/Blueprints/BP_Inherited_from_C++/CleanPetridish.uasset" 501
"../../../../../CryoVR/Vitrobot_Oculus_SOP/Content/Models/lambert26.uasset" 502
"../../../../../CryoVR/Vitrobot_Oculus_SOP/Content/Models/SampleRack.uasset" 503
"../../../../../CryoVR/Vitrobot_Oculus_SOP/Content/VirtualRealityCPP/Blueprints/BP_Inherited_from_C++/CleanLiquidSampleRack.uasset" 504
"../../../../../CryoVR/Vitrobot_Oculus_SOP/Content/Test_Geometry/Test_Textures/GridBoxTweezer.uasset" 505
"../../../../../CryoVR/Vitrobot_Oculus_SOP/Content/VirtualRealityCPP/Blueprints/BP_Inherited_from_C++/CleanGridBoxTweezer.uasset" 506
"../../../../../CryoVR/Vitrobot_Oculus_SOP/Content/Test_Geometry/Test_Textures/FreezeDewar.uasset" 507
"../../../../../CryoVR/Vitrobot_Oculus_SOP/Content/VirtualRealityCPP/Blueprints/BP_Inherited_from_C++/CleanFreezingDewar.uasset" 508
"../../../../../CryoVR/Vitrobot_Oculus_SOP/Content/VirtualRealityCPP/Blueprints/BP_Inherited_from_C++/CleanDewar.uasset" 509
"../../../Engine/Content/BasicShapes/Cube.uasset" 510
"../../../../../CryoVR/Vitrobot_Oculus_SOP/Content/VirtualRealityCPP/Blueprints/TV_Button.uasset" 511
"../../../../../CryoVR/Vitrobot_Oculus_SOP/Content/VirtualReality/Blueprint/Triggers/Option_Menu.uasset" 512
"../../../../../CryoVR/Vitrobot_Oculus_SOP/Content/VirtualReality/Blueprint/WorkstationTrigger1.uasset" 513
"../../../../../CryoVR/Vitrobot_Oculus_SOP/Content/Test_Geometry/Test_Textures/WorkStation.uasset" 514
"../../../../../CryoVR/Vitrobot_Oculus_SOP/Content/Test_Geometry/lambert4SG.uasset" 515
"../../../../../CryoVR/Vitrobot_Oculus_SOP/Content/Models/defaultMat.uasset" 516
"../../../../../CryoVR/Vitrobot_Oculus_SOP/Content/Models/NewRoomMesh.uasset" 517
"../../../Engine/Content/Functions/Engine_MaterialFunctions02/Utility/VectorLength.uasset" 518
"../../../../../CryoVR/Vitrobot_Oculus_SOP/Content/Materials/MF_SampleSceneTextureNeighbourUVs.uasset" 519
"../../../../../CryoVR/Vitrobot_Oculus_SOP/Content/Materials/MF_ExtractDepth.uasset" 520
"../../../Engine/Content/Functions/Engine_MaterialFunctions02/SplitComponents.uasset" 521
"../../../../../CryoVR/Vitrobot_Oculus_SOP/Content/Materials/MF_ConvolveTexture.uasset" 522
"../../../../../CryoVR/Vitrobot_Oculus_SOP/Content/Materials/PP_Outliner_M.uasset" 523
"../../../../../CryoVR/Vitrobot_Oculus_SOP/Content/Materials/PP_Outliner_Inst.uasset" 524
"../../../../../CryoVR/Vitrobot_Oculus_SOP/Content/Movies/P4_GJ.uasset" 525
"../../../../../CryoVR/Vitrobot_Oculus_SOP/Content/Models/Textures/small_hood_hood1_OcclusionRoughnessMetallic.uasset" 526
"../../../../../CryoVR/Vitrobot_Oculus_SOP/Content/Models/Textures/small_hood_hood1_Normal.uasset" 527
"../../../../../CryoVR/Vitrobot_Oculus_SOP/Content/Models/Textures/small_hood_hood1_BaseColor.uasset" 528
"../../../../../CryoVR/Vitrobot_Oculus_SOP/Content/Models/Small_Hood_M.uasset" 529
"../../../../../CryoVR/Vitrobot_Oculus_SOP/Content/Models/hood1.uasset" 530
"../../../../../CryoVR/Vitrobot_Oculus_SOP/Content/Models/glass1.uasset" 531
"../../../../../CryoVR/Vitrobot_Oculus_SOP/Content/Models/small_hood.uasset" 532
"../../../../../CryoVR/Vitrobot_Oculus_SOP/Content/Models/Textures/simple_table_simple_table_OcclusionRoughnessMetallic.uasset" 533
"../../../../../CryoVR/Vitrobot_Oculus_SOP/Content/Models/Textures/simple_table_simple_table_Normal.uasset" 534
"../../../../../CryoVR/Vitrobot_Oculus_SOP/Content/Models/Textures/simple_table_simple_table_BaseColor.uasset" 535
"../../../../../CryoVR/Vitrobot_Oculus_SOP/Content/Models/Simple_Table_M.uasset" 536
"../../../../../CryoVR/Vitrobot_Oculus_SOP/Content/Models/simple_table.uasset" 537
"../../../../../CryoVR/Vitrobot_Oculus_SOP/Content/Models/RoomWallMat.uasset" 538
"../../../../../CryoVR/Vitrobot_Oculus_SOP/Content/Models/IlluMat_Inst1.uasset" 539
"../../../../../CryoVR/Vitrobot_Oculus_SOP/Content/Models/IlluMat_Inst.uasset" 540
"../../../../../CryoVR/Vitrobot_Oculus_SOP/Content/Models/RoomMesh.uasset" 541
"../../../../../CryoVR/Vitrobot_Oculus_SOP/Content/Sop_mat/Vitrobot_machine/humidifier_1001_OcclusionRoughnessMetallic.uasset" 542
"../../../../../CryoVR/Vitrobot_Oculus_SOP/Content/Sop_mat/Vitrobot_machine/humidifier_1001_Normal.uasset" 543
"../../../../../CryoVR/Vitrobot_Oculus_SOP/Content/Sop_mat/Vitrobot_machine/humidifier_1001_BaseColor.uasset" 544
"../../../../../CryoVR/Vitrobot_Oculus_SOP/Content/Sop_mat/Vitrobot_machine/humidifier_1001_BaseColor_Mat.uasset" 545
"../../../../../CryoVR/Vitrobot_Oculus_SOP/Content/VirtualRealityCPP/Blueprints/BP_Inherited_from_C++/Humidifier.uasset" 546
"../../../../../CryoVR/Vitrobot_Oculus_SOP/Content/Styrofoam_container.uasset" 547
"../../../../../CryoVR/Vitrobot_Oculus_SOP/Content/Test_Geometry/Test_Textures/Sounds/BeepSound.uasset" 548
"../../../../../CryoVR/Vitrobot_Oculus_SOP/Content/Materials/MM_SimpleUI.uasset" 549
"../../../../../CryoVR/Vitrobot_Oculus_SOP/Content/Sop_mat/LED_Screen.uasset" 550
"../../../../../CryoVR/Vitrobot_Oculus_SOP/Content/Sop_mat/LED_Mat.uasset" 551
"../../../../../CryoVR/Vitrobot_Oculus_SOP/Content/VirtualRealityCPP/Blueprints/LED_BP.uasset" 552
"../../../../../CryoVR/Vitrobot_Oculus_SOP/Content/Power_Button.uasset" 553
"../../../../../CryoVR/Vitrobot_Oculus_SOP/Content/Paper_MM.uasset" 554
"../../../../../CryoVR/Vitrobot_Oculus_SOP/Content/P2.uasset" 555
"../../../../../CryoVR/Vitrobot_Oculus_SOP/Content/P1.uasset" 556
"../../../../../CryoVR/Vitrobot_Oculus_SOP/Content/P0.uasset" 557
"../../../../../CryoVR/Vitrobot_Oculus_SOP/Content/Test_Geometry/lambert1.uasset" 558
"../../../../../CryoVR/Vitrobot_Oculus_SOP/Content/Test_Geometry/plastic_tube.uasset" 559
"../../../../../CryoVR/Vitrobot_Oculus_SOP/Content/Models/TableMat.uasset" 560
"../../../../../CryoVR/Vitrobot_Oculus_SOP/Content/Indication_Gridtube_Blueprint.uasset" 561
"../../../../../CryoVR/Vitrobot_Oculus_SOP/Content/Test_Geometry/Test_Textures/grid_box.uasset" 562
"../../../../../CryoVR/Vitrobot_Oculus_SOP/Content/Grid_Box_BP.uasset" 563
"../../../../../CryoVR/Vitrobot_Oculus_SOP/Content/VirtualRealityCPP/Maps/Vitrobot_Oculus_Mainlevel_Test.umap" 564
"../../../Engine/Content/Maps/Entry_BuiltData.uasset" 565
"../../../Engine/Content/Maps/Entry.umap" 566
